# JRE version: OpenJDK Runtime Environment (7.0_101) (build 1.7.0_101-b00)
# Java VM: OpenJDK 64-Bit Server VM (24.95-b01 mixed mode linux-amd64 compressed oops)
Heap
 def new generation   total 33536K, used 5910K [0x00000000d6800000, 0x00000000d8c60000, 0x00000000e0e00000)
  eden space 29824K,   7% used [0x00000000d6800000, 0x00000000d6a25860, 0x00000000d8520000)
  from space 3712K, 100% used [0x00000000d8520000, 0x00000000d88c0000, 0x00000000d88c0000)
  to   space 3712K,   0% used [0x00000000d88c0000, 0x00000000d88c0000, 0x00000000d8c60000)
 tenured generation   total 74420K, used 69452K [0x00000000e0e00000, 0x00000000e56ad000, 0x00000000f5a00000)
   the space 74420K,  93% used [0x00000000e0e00000, 0x00000000e51d3348, 0x00000000e51d3400, 0x00000000e56ad000)
 compacting perm gen  total 21248K, used 13235K [0x00000000f5a00000, 0x00000000f6ec0000, 0x0000000100000000)
   the space 21248K,  62% used [0x00000000f5a00000, 0x00000000f66ecfe8, 0x00000000f66ed000, 0x00000000f6ec0000)
GC Heap History (10 events):
Event: 29.006 GC heap before
{Heap before GC invocations=38 (full 5):
 def new generation   total 33536K, used 32265K [0x00000000d6800000, 0x00000000d8c60000, 0x00000000e0e00000)
  eden space 29824K, 100% used [0x00000000d6800000, 0x00000000d8520000, 0x00000000d8520000)
  from space 3712K,  65% used [0x00000000d88c0000, 0x00000000d8b227f0, 0x00000000d8c60000)
  to   space 3712K,   0% used [0x00000000d8520000, 0x00000000d8520000, 0x00000000d88c0000)
 tenured generation   total 74420K, used 51002K [0x00000000e0e00000, 0x00000000e56ad000, 0x00000000f5a00000)
   the space 74420K,  68% used [0x00000000e0e00000, 0x00000000e3fceb80, 0x00000000e3fcec00, 0x00000000e56ad000)
 compacting perm gen  total 21248K, used 13178K [0x00000000f5a00000, 0x00000000f6ec0000, 0x0000000100000000)
   the space 21248K,  62% used [0x00000000f5a00000, 0x00000000f66de9b8, 0x00000000f66dea00, 0x00000000f6ec0000)
No shared spaces configured.
Event: 29.200 GC heap after
Heap after GC invocations=39 (full 5):
 def new generation   total 33536K, used 2900K [0x00000000d6800000, 0x00000000d8c60000, 0x00000000e0e00000)
  eden space 29824K,   0% used [0x00000000d6800000, 0x00000000d6800000, 0x00000000d8520000)
  from space 3712K,  78% used [0x00000000d8520000, 0x00000000d87f52c8, 0x00000000d88c0000)
  to   space 3712K,   0% used [0x00000000d88c0000, 0x00000000d88c0000, 0x00000000d8c60000)
 tenured generation   total 74420K, used 53389K [0x00000000e0e00000, 0x00000000e56ad000, 0x00000000f5a00000)
   the space 74420K,  71% used [0x00000000e0e00000, 0x00000000e4223680, 0x00000000e4223800, 0x00000000e56ad000)
 compacting perm gen  total 21248K, used 13178K [0x00000000f5a00000, 0x00000000f6ec0000, 0x0000000100000000)
   the space 21248K,  62% used [0x00000000f5a00000, 0x00000000f66de9b8, 0x00000000f66dea00, 0x00000000f6ec0000)
No shared spaces configured.
}
Event: 34.552 GC heap before
{Heap before GC invocations=39 (full 5):
 def new generation   total 33536K, used 32724K [0x00000000d6800000, 0x00000000d8c60000, 0x00000000e0e00000)
  eden space 29824K, 100% used [0x00000000d6800000, 0x00000000d8520000, 0x00000000d8520000)
  from space 3712K,  78% used [0x00000000d8520000, 0x00000000d87f52c8, 0x00000000d88c0000)
  to   space 3712K,   0% used [0x00000000d88c0000, 0x00000000d88c0000, 0x00000000d8c60000)
 tenured generation   total 74420K, used 53389K [0x00000000e0e00000, 0x00000000e56ad000, 0x00000000f5a00000)
   the space 74420K,  71% used [0x00000000e0e00000, 0x00000000e4223680, 0x00000000e4223800, 0x00000000e56ad000)
 compacting perm gen  total 21248K, used 13182K [0x00000000f5a00000, 0x00000000f6ec0000, 0x0000000100000000)
   the space 21248K,  62% used [0x00000000f5a00000, 0x00000000f66dfb88, 0x00000000f66dfc00, 0x00000000f6ec0000)
No shared spaces configured.
Event: 34.657 GC heap after
Heap after GC invocations=40 (full 5):
 def new generation   total 33536K, used 1290K [0x00000000d6800000, 0x00000000d8c60000, 0x00000000e0e00000)
  eden space 29824K,   0% used [0x00000000d6800000, 0x00000000d6800000, 0x00000000d8520000)
  from space 3712K,  34% used [0x00000000d88c0000, 0x00000000d8a029d0, 0x00000000d8c60000)
  to   space 3712K,   0% used [0x00000000d8520000, 0x00000000d8520000, 0x00000000d88c0000)
 tenured generation   total 74420K, used 56116K [0x00000000e0e00000, 0x00000000e56ad000, 0x00000000f5a00000)
   the space 74420K,  75% used [0x00000000e0e00000, 0x00000000e44cd3d0, 0x00000000e44cd400, 0x00000000e56ad000)
 compacting perm gen  total 21248K, used 13182K [0x00000000f5a00000, 0x00000000f6ec0000, 0x0000000100000000)
   the space 21248K,  62% used [0x00000000f5a00000, 0x00000000f66dfb88, 0x00000000f66dfc00, 0x00000000f6ec0000)
No shared spaces configured.
}
Event: 41.361 GC heap before
{Heap before GC invocations=40 (full 5):
 def new generation   total 33536K, used 31114K [0x00000000d6800000, 0x00000000d8c60000, 0x00000000e0e00000)
  eden space 29824K, 100% used [0x00000000d6800000, 0x00000000d8520000, 0x00000000d8520000)
  from space 3712K,  34% used [0x00000000d88c0000, 0x00000000d8a029d0, 0x00000000d8c60000)
  to   space 3712K,   0% used [0x00000000d8520000, 0x00000000d8520000, 0x00000000d88c0000)
 tenured generation   total 74420K, used 56116K [0x00000000e0e00000, 0x00000000e56ad000, 0x00000000f5a00000)
   the space 74420K,  75% used [0x00000000e0e00000, 0x00000000e44cd3d0, 0x00000000e44cd400, 0x00000000e56ad000)
 compacting perm gen  total 21248K, used 13195K [0x00000000f5a00000, 0x00000000f6ec0000, 0x0000000100000000)
   the space 21248K,  62% used [0x00000000f5a00000, 0x00000000f66e2e08, 0x00000000f66e3000, 0x00000000f6ec0000)
No shared spaces configured.
Event: 41.558 GC heap after
Heap after GC invocations=41 (full 5):
 def new generation   total 33536K, used 2650K [0x00000000d6800000, 0x00000000d8c60000, 0x00000000e0e00000)
  eden space 29824K,   0% used [0x00000000d6800000, 0x00000000d6800000, 0x00000000d8520000)
  from space 3712K,  71% used [0x00000000d8520000, 0x00000000d87b6868, 0x00000000d88c0000)
  to   space 3712K,   0% used [0x00000000d88c0000, 0x00000000d88c0000, 0x00000000d8c60000)
 tenured generation   total 74420K, used 56116K [0x00000000e0e00000, 0x00000000e56ad000, 0x00000000f5a00000)
   the space 74420K,  75% used [0x00000000e0e00000, 0x00000000e44cd3d0, 0x00000000e44cd400, 0x00000000e56ad000)
 compacting perm gen  total 21248K, used 13195K [0x00000000f5a00000, 0x00000000f6ec0000, 0x0000000100000000)
   the space 21248K,  62% used [0x00000000f5a00000, 0x00000000f66e2e08, 0x00000000f66e3000, 0x00000000f6ec0000)
No shared spaces configured.
}
Event: 54.472 GC heap before
{Heap before GC invocations=41 (full 5):
 def new generation   total 33536K, used 32474K [0x00000000d6800000, 0x00000000d8c60000, 0x00000000e0e00000)
  eden space 29824K, 100% used [0x00000000d6800000, 0x00000000d8520000, 0x00000000d8520000)
  from space 3712K,  71% used [0x00000000d8520000, 0x00000000d87b6868, 0x00000000d88c0000)
  to   space 3712K,   0% used [0x00000000d88c0000, 0x00000000d88c0000, 0x00000000d8c60000)
 tenured generation   total 74420K, used 56116K [0x00000000e0e00000, 0x00000000e56ad000, 0x00000000f5a00000)
   the space 74420K,  75% used [0x00000000e0e00000, 0x00000000e44cd3d0, 0x00000000e44cd400, 0x00000000e56ad000)
 compacting perm gen  total 21248K, used 13228K [0x00000000f5a00000, 0x00000000f6ec0000, 0x0000000100000000)
   the space 21248K,  62% used [0x00000000f5a00000, 0x00000000f66eb140, 0x00000000f66eb200, 0x00000000f6ec0000)
No shared spaces configured.
Event: 54.525 GC heap after
Heap after GC invocations=42 (full 5):
 def new generation   total 33536K, used 3112K [0x00000000d6800000, 0x00000000d8c60000, 0x00000000e0e00000)
  eden space 29824K,   0% used [0x00000000d6800000, 0x00000000d6800000, 0x00000000d8520000)
  from space 3712K,  83% used [0x00000000d88c0000, 0x00000000d8bca2a8, 0x00000000d8c60000)
  to   space 3712K,   0% used [0x00000000d8520000, 0x00000000d8520000, 0x00000000d88c0000)
 tenured generation   total 74420K, used 57317K [0x00000000e0e00000, 0x00000000e56ad000, 0x00000000f5a00000)
   the space 74420K,  77% used [0x00000000e0e00000, 0x00000000e45f94e0, 0x00000000e45f9600, 0x00000000e56ad000)
 compacting perm gen  total 21248K, used 13228K [0x00000000f5a00000, 0x00000000f6ec0000, 0x0000000100000000)
   the space 21248K,  62% used [0x00000000f5a00000, 0x00000000f66eb140, 0x00000000f66eb200, 0x00000000f6ec0000)
No shared spaces configured.
}
Event: 60.364 GC heap before
{Heap before GC invocations=42 (full 5):
 def new generation   total 33536K, used 32936K [0x00000000d6800000, 0x00000000d8c60000, 0x00000000e0e00000)
  eden space 29824K, 100% used [0x00000000d6800000, 0x00000000d8520000, 0x00000000d8520000)
  from space 3712K,  83% used [0x00000000d88c0000, 0x00000000d8bca2a8, 0x00000000d8c60000)
  to   space 3712K,   0% used [0x00000000d8520000, 0x00000000d8520000, 0x00000000d88c0000)
 tenured generation   total 74420K, used 57317K [0x00000000e0e00000, 0x00000000e56ad000, 0x00000000f5a00000)
   the space 74420K,  77% used [0x00000000e0e00000, 0x00000000e45f94e0, 0x00000000e45f9600, 0x00000000e56ad000)
 compacting perm gen  total 21248K, used 13235K [0x00000000f5a00000, 0x00000000f6ec0000, 0x0000000100000000)
   the space 21248K,  62% used [0x00000000f5a00000, 0x00000000f66ecfa8, 0x00000000f66ed000, 0x00000000f6ec0000)
No shared spaces configured.
Event: 60.579 GC heap after
Heap after GC invocations=43 (full 5):
 def new generation   total 33536K, used 3712K [0x00000000d6800000, 0x00000000d8c60000, 0x00000000e0e00000)
  eden space 29824K,   0% used [0x00000000d6800000, 0x00000000d6800000, 0x00000000d8520000)
  from space 3712K, 100% used [0x00000000d8520000, 0x00000000d88c0000, 0x00000000d88c0000)
  to   space 3712K,   0% used [0x00000000d88c0000, 0x00000000d88c0000, 0x00000000d8c60000)
 tenured generation   total 74420K, used 69452K [0x00000000e0e00000, 0x00000000e56ad000, 0x00000000f5a00000)
   the space 74420K,  93% used [0x00000000e0e00000, 0x00000000e51d3348, 0x00000000e51d3400, 0x00000000e56ad000)
 compacting perm gen  total 21248K, used 13235K [0x00000000f5a00000, 0x00000000f6ec0000, 0x0000000100000000)
   the space 21248K,  62% used [0x00000000f5a00000, 0x00000000f66ecfa8, 0x00000000f66ed000, 0x00000000f6ec0000)
No shared spaces configured.
}

