# JRE version: OpenJDK Runtime Environment (7.0_101) (build 1.7.0_101-b00)
# Java VM: OpenJDK 64-Bit Server VM (24.95-b01 mixed mode linux-amd64 compressed oops)
Heap
 def new generation   total 34432K, used 34432K [0x00000000d6800000, 0x00000000d8d50000, 0x00000000e0e00000)
  eden space 30656K, 100% used [0x00000000d6800000, 0x00000000d85f0000, 0x00000000d85f0000)
  from space 3776K, 100% used [0x00000000d89a0000, 0x00000000d8d50000, 0x00000000d8d50000)
  to   space 3776K,  72% used [0x00000000d85f0000, 0x00000000d8897fd0, 0x00000000d89a0000)
 tenured generation   total 76288K, used 76287K [0x00000000e0e00000, 0x00000000e5880000, 0x00000000f5a00000)
   the space 76288K,  99% used [0x00000000e0e00000, 0x00000000e587ffe0, 0x00000000e5880000, 0x00000000e5880000)
 compacting perm gen  total 21248K, used 13260K [0x00000000f5a00000, 0x00000000f6ec0000, 0x0000000100000000)
   the space 21248K,  62% used [0x00000000f5a00000, 0x00000000f66f3138, 0x00000000f66f3200, 0x00000000f6ec0000)
GC Heap History (10 events):
Event: 29.735 GC heap after
Heap after GC invocations=40 (full 5):
 def new generation   total 34432K, used 2825K [0x00000000d6800000, 0x00000000d8d50000, 0x00000000e0e00000)
  eden space 30656K,   0% used [0x00000000d6800000, 0x00000000d6800000, 0x00000000d85f0000)
  from space 3776K,  74% used [0x00000000d89a0000, 0x00000000d8c62760, 0x00000000d8d50000)
  to   space 3776K,   0% used [0x00000000d85f0000, 0x00000000d85f0000, 0x00000000d89a0000)
 tenured generation   total 76288K, used 54911K [0x00000000e0e00000, 0x00000000e5880000, 0x00000000f5a00000)
   the space 76288K,  71% used [0x00000000e0e00000, 0x00000000e439ffe0, 0x00000000e43a0000, 0x00000000e5880000)
 compacting perm gen  total 21248K, used 13186K [0x00000000f5a00000, 0x00000000f6ec0000, 0x0000000100000000)
   the space 21248K,  62% used [0x00000000f5a00000, 0x00000000f66e09b0, 0x00000000f66e0a00, 0x00000000f6ec0000)
No shared spaces configured.
}
Event: 30.758 GC heap before
{Heap before GC invocations=40 (full 5):
 def new generation   total 34432K, used 33481K [0x00000000d6800000, 0x00000000d8d50000, 0x00000000e0e00000)
  eden space 30656K, 100% used [0x00000000d6800000, 0x00000000d85f0000, 0x00000000d85f0000)
  from space 3776K,  74% used [0x00000000d89a0000, 0x00000000d8c62760, 0x00000000d8d50000)
  to   space 3776K,   0% used [0x00000000d85f0000, 0x00000000d85f0000, 0x00000000d89a0000)
 tenured generation   total 76288K, used 54911K [0x00000000e0e00000, 0x00000000e5880000, 0x00000000f5a00000)
   the space 76288K,  71% used [0x00000000e0e00000, 0x00000000e439ffe0, 0x00000000e43a0000, 0x00000000e5880000)
 compacting perm gen  total 21248K, used 13206K [0x00000000f5a00000, 0x00000000f6ec0000, 0x0000000100000000)
   the space 21248K,  62% used [0x00000000f5a00000, 0x00000000f66e58f0, 0x00000000f66e5a00, 0x00000000f6ec0000)
No shared spaces configured.
Event: 30.788 GC heap after
Heap after GC invocations=41 (full 5):
 def new generation   total 34432K, used 2766K [0x00000000d6800000, 0x00000000d8d50000, 0x00000000e0e00000)
  eden space 30656K,   0% used [0x00000000d6800000, 0x00000000d6800000, 0x00000000d85f0000)
  from space 3776K,  73% used [0x00000000d85f0000, 0x00000000d88a3a60, 0x00000000d89a0000)
  to   space 3776K,   0% used [0x00000000d89a0000, 0x00000000d89a0000, 0x00000000d8d50000)
 tenured generation   total 76288K, used 56208K [0x00000000e0e00000, 0x00000000e5880000, 0x00000000f5a00000)
   the space 76288K,  73% used [0x00000000e0e00000, 0x00000000e44e40b8, 0x00000000e44e4200, 0x00000000e5880000)
 compacting perm gen  total 21248K, used 13206K [0x00000000f5a00000, 0x00000000f6ec0000, 0x0000000100000000)
   the space 21248K,  62% used [0x00000000f5a00000, 0x00000000f66e58f0, 0x00000000f66e5a00, 0x00000000f6ec0000)
No shared spaces configured.
}
Event: 31.545 GC heap before
{Heap before GC invocations=41 (full 5):
 def new generation   total 34432K, used 33422K [0x00000000d6800000, 0x00000000d8d50000, 0x00000000e0e00000)
  eden space 30656K, 100% used [0x00000000d6800000, 0x00000000d85f0000, 0x00000000d85f0000)
  from space 3776K,  73% used [0x00000000d85f0000, 0x00000000d88a3a60, 0x00000000d89a0000)
  to   space 3776K,   0% used [0x00000000d89a0000, 0x00000000d89a0000, 0x00000000d8d50000)
 tenured generation   total 76288K, used 56208K [0x00000000e0e00000, 0x00000000e5880000, 0x00000000f5a00000)
   the space 76288K,  73% used [0x00000000e0e00000, 0x00000000e44e40b8, 0x00000000e44e4200, 0x00000000e5880000)
 compacting perm gen  total 21248K, used 13242K [0x00000000f5a00000, 0x00000000f6ec0000, 0x0000000100000000)
   the space 21248K,  62% used [0x00000000f5a00000, 0x00000000f66ee820, 0x00000000f66eea00, 0x00000000f6ec0000)
No shared spaces configured.
Event: 31.673 GC heap after
Heap after GC invocations=42 (full 5):
 def new generation   total 34432K, used 3776K [0x00000000d6800000, 0x00000000d8d50000, 0x00000000e0e00000)
  eden space 30656K,   0% used [0x00000000d6800000, 0x00000000d6800000, 0x00000000d85f0000)
  from space 3776K, 100% used [0x00000000d89a0000, 0x00000000d8d50000, 0x00000000d8d50000)
  to   space 3776K,   0% used [0x00000000d85f0000, 0x00000000d85f0000, 0x00000000d89a0000)
 tenured generation   total 76288K, used 65243K [0x00000000e0e00000, 0x00000000e5880000, 0x00000000f5a00000)
   the space 76288K,  85% used [0x00000000e0e00000, 0x00000000e4db6d68, 0x00000000e4db6e00, 0x00000000e5880000)
 compacting perm gen  total 21248K, used 13242K [0x00000000f5a00000, 0x00000000f6ec0000, 0x0000000100000000)
   the space 21248K,  62% used [0x00000000f5a00000, 0x00000000f66ee820, 0x00000000f66eea00, 0x00000000f6ec0000)
No shared spaces configured.
}
Event: 32.626 GC heap before
{Heap before GC invocations=42 (full 5):
 def new generation   total 34432K, used 34432K [0x00000000d6800000, 0x00000000d8d50000, 0x00000000e0e00000)
  eden space 30656K, 100% used [0x00000000d6800000, 0x00000000d85f0000, 0x00000000d85f0000)
  from space 3776K, 100% used [0x00000000d89a0000, 0x00000000d8d50000, 0x00000000d8d50000)
  to   space 3776K,   0% used [0x00000000d85f0000, 0x00000000d85f0000, 0x00000000d89a0000)
 tenured generation   total 76288K, used 65243K [0x00000000e0e00000, 0x00000000e5880000, 0x00000000f5a00000)
   the space 76288K,  85% used [0x00000000e0e00000, 0x00000000e4db6d68, 0x00000000e4db6e00, 0x00000000e5880000)
 compacting perm gen  total 21248K, used 13245K [0x00000000f5a00000, 0x00000000f6ec0000, 0x0000000100000000)
   the space 21248K,  62% used [0x00000000f5a00000, 0x00000000f66ef470, 0x00000000f66ef600, 0x00000000f6ec0000)
No shared spaces configured.
Event: 32.689 GC heap after
Heap after GC invocations=43 (full 5):
 def new generation   total 34432K, used 3776K [0x00000000d6800000, 0x00000000d8d50000, 0x00000000e0e00000)
  eden space 30656K,   0% used [0x00000000d6800000, 0x00000000d6800000, 0x00000000d85f0000)
  from space 3776K, 100% used [0x00000000d85f0000, 0x00000000d89a0000, 0x00000000d89a0000)
  to   space 3776K,   0% used [0x00000000d89a0000, 0x00000000d89a0000, 0x00000000d8d50000)
 tenured generation   total 76288K, used 71543K [0x00000000e0e00000, 0x00000000e5880000, 0x00000000f5a00000)
   the space 76288K,  93% used [0x00000000e0e00000, 0x00000000e53dde40, 0x00000000e53de000, 0x00000000e5880000)
 compacting perm gen  total 21248K, used 13245K [0x00000000f5a00000, 0x00000000f6ec0000, 0x0000000100000000)
   the space 21248K,  62% used [0x00000000f5a00000, 0x00000000f66ef470, 0x00000000f66ef600, 0x00000000f6ec0000)
No shared spaces configured.
}
Event: 38.909 GC heap before
{Heap before GC invocations=43 (full 5):
 def new generation   total 34432K, used 34432K [0x00000000d6800000, 0x00000000d8d50000, 0x00000000e0e00000)
  eden space 30656K, 100% used [0x00000000d6800000, 0x00000000d85f0000, 0x00000000d85f0000)
  from space 3776K, 100% used [0x00000000d85f0000, 0x00000000d89a0000, 0x00000000d89a0000)
  to   space 3776K,   0% used [0x00000000d89a0000, 0x00000000d89a0000, 0x00000000d8d50000)
 tenured generation   total 76288K, used 71543K [0x00000000e0e00000, 0x00000000e5880000, 0x00000000f5a00000)
   the space 76288K,  93% used [0x00000000e0e00000, 0x00000000e53dde40, 0x00000000e53de000, 0x00000000e5880000)
 compacting perm gen  total 21248K, used 13255K [0x00000000f5a00000, 0x00000000f6ec0000, 0x0000000100000000)
   the space 21248K,  62% used [0x00000000f5a00000, 0x00000000f66f1f78, 0x00000000f66f2000, 0x00000000f6ec0000)
No shared spaces configured.
Event: 39.042 GC heap after
Heap after GC invocations=44 (full 5):
 def new generation   total 34432K, used 3776K [0x00000000d6800000, 0x00000000d8d50000, 0x00000000e0e00000)
  eden space 30656K,   0% used [0x00000000d6800000, 0x00000000d6800000, 0x00000000d85f0000)
  from space 3776K, 100% used [0x00000000d89a0000, 0x00000000d8d50000, 0x00000000d8d50000)
  to   space 3776K,   0% used [0x00000000d85f0000, 0x00000000d85f0000, 0x00000000d89a0000)
 tenured generation   total 76288K, used 74951K [0x00000000e0e00000, 0x00000000e5880000, 0x00000000f5a00000)
   the space 76288K,  98% used [0x00000000e0e00000, 0x00000000e5731c58, 0x00000000e5731e00, 0x00000000e5880000)
 compacting perm gen  total 21248K, used 13255K [0x00000000f5a00000, 0x00000000f6ec0000, 0x0000000100000000)
   the space 21248K,  62% used [0x00000000f5a00000, 0x00000000f66f1f78, 0x00000000f66f2000, 0x00000000f6ec0000)
No shared spaces configured.
}
Event: 44.044 GC heap before
{Heap before GC invocations=44 (full 5):
 def new generation   total 34432K, used 34432K [0x00000000d6800000, 0x00000000d8d50000, 0x00000000e0e00000)
  eden space 30656K, 100% used [0x00000000d6800000, 0x00000000d85f0000, 0x00000000d85f0000)
  from space 3776K, 100% used [0x00000000d89a0000, 0x00000000d8d50000, 0x00000000d8d50000)
  to   space 3776K,   0% used [0x00000000d85f0000, 0x00000000d85f0000, 0x00000000d89a0000)
 tenured generation   total 76288K, used 74951K [0x00000000e0e00000, 0x00000000e5880000, 0x00000000f5a00000)
   the space 76288K,  98% used [0x00000000e0e00000, 0x00000000e5731c58, 0x00000000e5731e00, 0x00000000e5880000)
 compacting perm gen  total 21248K, used 13260K [0x00000000f5a00000, 0x00000000f6ec0000, 0x0000000100000000)
   the space 21248K,  62% used [0x00000000f5a00000, 0x00000000f66f3138, 0x00000000f66f3200, 0x00000000f6ec0000)
No shared spaces configured.

