# JRE version: OpenJDK Runtime Environment (7.0_101) (build 1.7.0_101-b00)
# Java VM: OpenJDK 64-Bit Server VM (24.95-b01 mixed mode linux-amd64 compressed oops)
Heap
 def new generation   total 34368K, used 34368K [0x00000000d6800000, 0x00000000d8d40000, 0x00000000e0e00000)
  eden space 30592K, 100% used [0x00000000d6800000, 0x00000000d85e0000, 0x00000000d85e0000)
  from space 3776K, 100% used [0x00000000d8990000, 0x00000000d8d40000, 0x00000000d8d40000)
  to   space 3776K,  73% used [0x00000000d85e0000, 0x00000000d8893bd0, 0x00000000d8990000)
 tenured generation   total 76992K, used 76987K [0x00000000e0e00000, 0x00000000e5930000, 0x00000000f5a00000)
   the space 76992K,  99% used [0x00000000e0e00000, 0x00000000e592ee70, 0x00000000e592f000, 0x00000000e5930000)
 compacting perm gen  total 21248K, used 13259K [0x00000000f5a00000, 0x00000000f6ec0000, 0x0000000100000000)
   the space 21248K,  62% used [0x00000000f5a00000, 0x00000000f66f2cd0, 0x00000000f66f2e00, 0x00000000f6ec0000)
GC Heap History (10 events):
Event: 33.561 GC heap after
Heap after GC invocations=40 (full 5):
 def new generation   total 34368K, used 1445K [0x00000000d6800000, 0x00000000d8d40000, 0x00000000e0e00000)
  eden space 30592K,   0% used [0x00000000d6800000, 0x00000000d6800000, 0x00000000d85e0000)
  from space 3776K,  38% used [0x00000000d8990000, 0x00000000d8af9738, 0x00000000d8d40000)
  to   space 3776K,   0% used [0x00000000d85e0000, 0x00000000d85e0000, 0x00000000d8990000)
 tenured generation   total 76224K, used 56733K [0x00000000e0e00000, 0x00000000e5870000, 0x00000000f5a00000)
   the space 76224K,  74% used [0x00000000e0e00000, 0x00000000e4567508, 0x00000000e4567600, 0x00000000e5870000)
 compacting perm gen  total 21248K, used 13186K [0x00000000f5a00000, 0x00000000f6ec0000, 0x0000000100000000)
   the space 21248K,  62% used [0x00000000f5a00000, 0x00000000f66e0888, 0x00000000f66e0a00, 0x00000000f6ec0000)
No shared spaces configured.
}
Event: 34.301 GC heap before
{Heap before GC invocations=40 (full 5):
 def new generation   total 34368K, used 32037K [0x00000000d6800000, 0x00000000d8d40000, 0x00000000e0e00000)
  eden space 30592K, 100% used [0x00000000d6800000, 0x00000000d85e0000, 0x00000000d85e0000)
  from space 3776K,  38% used [0x00000000d8990000, 0x00000000d8af9738, 0x00000000d8d40000)
  to   space 3776K,   0% used [0x00000000d85e0000, 0x00000000d85e0000, 0x00000000d8990000)
 tenured generation   total 76224K, used 56733K [0x00000000e0e00000, 0x00000000e5870000, 0x00000000f5a00000)
   the space 76224K,  74% used [0x00000000e0e00000, 0x00000000e4567508, 0x00000000e4567600, 0x00000000e5870000)
 compacting perm gen  total 21248K, used 13203K [0x00000000f5a00000, 0x00000000f6ec0000, 0x0000000100000000)
   the space 21248K,  62% used [0x00000000f5a00000, 0x00000000f66e4da0, 0x00000000f66e4e00, 0x00000000f6ec0000)
No shared spaces configured.
Event: 34.321 GC heap after
Heap after GC invocations=41 (full 5):
 def new generation   total 34368K, used 2762K [0x00000000d6800000, 0x00000000d8d40000, 0x00000000e0e00000)
  eden space 30592K,   0% used [0x00000000d6800000, 0x00000000d6800000, 0x00000000d85e0000)
  from space 3776K,  73% used [0x00000000d85e0000, 0x00000000d8892978, 0x00000000d8990000)
  to   space 3776K,   0% used [0x00000000d8990000, 0x00000000d8990000, 0x00000000d8d40000)
 tenured generation   total 76224K, used 56733K [0x00000000e0e00000, 0x00000000e5870000, 0x00000000f5a00000)
   the space 76224K,  74% used [0x00000000e0e00000, 0x00000000e4567508, 0x00000000e4567600, 0x00000000e5870000)
 compacting perm gen  total 21248K, used 13203K [0x00000000f5a00000, 0x00000000f6ec0000, 0x0000000100000000)
   the space 21248K,  62% used [0x00000000f5a00000, 0x00000000f66e4da0, 0x00000000f66e4e00, 0x00000000f6ec0000)
No shared spaces configured.
}
Event: 35.241 GC heap before
{Heap before GC invocations=41 (full 5):
 def new generation   total 34368K, used 33354K [0x00000000d6800000, 0x00000000d8d40000, 0x00000000e0e00000)
  eden space 30592K, 100% used [0x00000000d6800000, 0x00000000d85e0000, 0x00000000d85e0000)
  from space 3776K,  73% used [0x00000000d85e0000, 0x00000000d8892978, 0x00000000d8990000)
  to   space 3776K,   0% used [0x00000000d8990000, 0x00000000d8990000, 0x00000000d8d40000)
 tenured generation   total 76224K, used 56733K [0x00000000e0e00000, 0x00000000e5870000, 0x00000000f5a00000)
   the space 76224K,  74% used [0x00000000e0e00000, 0x00000000e4567508, 0x00000000e4567600, 0x00000000e5870000)
 compacting perm gen  total 21248K, used 13241K [0x00000000f5a00000, 0x00000000f6ec0000, 0x0000000100000000)
   the space 21248K,  62% used [0x00000000f5a00000, 0x00000000f66ee730, 0x00000000f66ee800, 0x00000000f6ec0000)
No shared spaces configured.
Event: 35.313 GC heap after
Heap after GC invocations=42 (full 5):
 def new generation   total 34368K, used 3776K [0x00000000d6800000, 0x00000000d8d40000, 0x00000000e0e00000)
  eden space 30592K,   0% used [0x00000000d6800000, 0x00000000d6800000, 0x00000000d85e0000)
  from space 3776K, 100% used [0x00000000d8990000, 0x00000000d8d40000, 0x00000000d8d40000)
  to   space 3776K,   0% used [0x00000000d85e0000, 0x00000000d85e0000, 0x00000000d8990000)
 tenured generation   total 76224K, used 64520K [0x00000000e0e00000, 0x00000000e5870000, 0x00000000f5a00000)
   the space 76224K,  84% used [0x00000000e0e00000, 0x00000000e4d022b8, 0x00000000e4d02400, 0x00000000e5870000)
 compacting perm gen  total 21248K, used 13241K [0x00000000f5a00000, 0x00000000f6ec0000, 0x0000000100000000)
   the space 21248K,  62% used [0x00000000f5a00000, 0x00000000f66ee730, 0x00000000f66ee800, 0x00000000f6ec0000)
No shared spaces configured.
}
Event: 36.885 GC heap before
{Heap before GC invocations=42 (full 5):
 def new generation   total 34368K, used 34368K [0x00000000d6800000, 0x00000000d8d40000, 0x00000000e0e00000)
  eden space 30592K, 100% used [0x00000000d6800000, 0x00000000d85e0000, 0x00000000d85e0000)
  from space 3776K, 100% used [0x00000000d8990000, 0x00000000d8d40000, 0x00000000d8d40000)
  to   space 3776K,   0% used [0x00000000d85e0000, 0x00000000d85e0000, 0x00000000d8990000)
 tenured generation   total 76224K, used 64520K [0x00000000e0e00000, 0x00000000e5870000, 0x00000000f5a00000)
   the space 76224K,  84% used [0x00000000e0e00000, 0x00000000e4d022b8, 0x00000000e4d02400, 0x00000000e5870000)
 compacting perm gen  total 21248K, used 13246K [0x00000000f5a00000, 0x00000000f6ec0000, 0x0000000100000000)
   the space 21248K,  62% used [0x00000000f5a00000, 0x00000000f66efaa0, 0x00000000f66efc00, 0x00000000f6ec0000)
No shared spaces configured.
Event: 36.968 GC heap after
Heap after GC invocations=43 (full 5):
 def new generation   total 34368K, used 3776K [0x00000000d6800000, 0x00000000d8d40000, 0x00000000e0e00000)
  eden space 30592K,   0% used [0x00000000d6800000, 0x00000000d6800000, 0x00000000d85e0000)
  from space 3776K, 100% used [0x00000000d85e0000, 0x00000000d8990000, 0x00000000d8990000)
  to   space 3776K,   0% used [0x00000000d8990000, 0x00000000d8990000, 0x00000000d8d40000)
 tenured generation   total 76224K, used 72027K [0x00000000e0e00000, 0x00000000e5870000, 0x00000000f5a00000)
   the space 76224K,  94% used [0x00000000e0e00000, 0x00000000e5456f10, 0x00000000e5457000, 0x00000000e5870000)
 compacting perm gen  total 21248K, used 13246K [0x00000000f5a00000, 0x00000000f6ec0000, 0x0000000100000000)
   the space 21248K,  62% used [0x00000000f5a00000, 0x00000000f66efaa0, 0x00000000f66efc00, 0x00000000f6ec0000)
No shared spaces configured.
}
Event: 45.967 GC heap before
{Heap before GC invocations=43 (full 5):
 def new generation   total 34368K, used 34368K [0x00000000d6800000, 0x00000000d8d40000, 0x00000000e0e00000)
  eden space 30592K, 100% used [0x00000000d6800000, 0x00000000d85e0000, 0x00000000d85e0000)
  from space 3776K, 100% used [0x00000000d85e0000, 0x00000000d8990000, 0x00000000d8990000)
  to   space 3776K,   0% used [0x00000000d8990000, 0x00000000d8990000, 0x00000000d8d40000)
 tenured generation   total 76224K, used 72027K [0x00000000e0e00000, 0x00000000e5870000, 0x00000000f5a00000)
   the space 76224K,  94% used [0x00000000e0e00000, 0x00000000e5456f10, 0x00000000e5457000, 0x00000000e5870000)
 compacting perm gen  total 21248K, used 13255K [0x00000000f5a00000, 0x00000000f6ec0000, 0x0000000100000000)
   the space 21248K,  62% used [0x00000000f5a00000, 0x00000000f66f1cd0, 0x00000000f66f1e00, 0x00000000f6ec0000)
No shared spaces configured.
Event: 46.244 GC heap after
Heap after GC invocations=44 (full 5):
 def new generation   total 34368K, used 3776K [0x00000000d6800000, 0x00000000d8d40000, 0x00000000e0e00000)
  eden space 30592K,   0% used [0x00000000d6800000, 0x00000000d6800000, 0x00000000d85e0000)
  from space 3776K, 100% used [0x00000000d8990000, 0x00000000d8d40000, 0x00000000d8d40000)
  to   space 3776K,   0% used [0x00000000d85e0000, 0x00000000d85e0000, 0x00000000d8990000)
 tenured generation   total 76224K, used 75401K [0x00000000e0e00000, 0x00000000e5870000, 0x00000000f5a00000)
   the space 76224K,  98% used [0x00000000e0e00000, 0x00000000e57a2730, 0x00000000e57a2800, 0x00000000e5870000)
 compacting perm gen  total 21248K, used 13255K [0x00000000f5a00000, 0x00000000f6ec0000, 0x0000000100000000)
   the space 21248K,  62% used [0x00000000f5a00000, 0x00000000f66f1cd0, 0x00000000f66f1e00, 0x00000000f6ec0000)
No shared spaces configured.
}
Event: 54.524 GC heap before
{Heap before GC invocations=44 (full 5):
 def new generation   total 34368K, used 34368K [0x00000000d6800000, 0x00000000d8d40000, 0x00000000e0e00000)
  eden space 30592K, 100% used [0x00000000d6800000, 0x00000000d85e0000, 0x00000000d85e0000)
  from space 3776K, 100% used [0x00000000d8990000, 0x00000000d8d40000, 0x00000000d8d40000)
  to   space 3776K,   0% used [0x00000000d85e0000, 0x00000000d85e0000, 0x00000000d8990000)
 tenured generation   total 76224K, used 75401K [0x00000000e0e00000, 0x00000000e5870000, 0x00000000f5a00000)
   the space 76224K,  98% used [0x00000000e0e00000, 0x00000000e57a2730, 0x00000000e57a2800, 0x00000000e5870000)
 compacting perm gen  total 21248K, used 13259K [0x00000000f5a00000, 0x00000000f6ec0000, 0x0000000100000000)
   the space 21248K,  62% used [0x00000000f5a00000, 0x00000000f66f2cd0, 0x00000000f66f2e00, 0x00000000f6ec0000)
No shared spaces configured.

