# JRE version: OpenJDK Runtime Environment (7.0_101) (build 1.7.0_101-b00)
# Java VM: OpenJDK 64-Bit Server VM (24.95-b01 mixed mode linux-amd64 compressed oops)
Heap
 def new generation   total 35392K, used 34416K [0x00000000d6800000, 0x00000000d8e60000, 0x00000000e0e00000)
  eden space 31488K,  96% used [0x00000000d6800000, 0x00000000d85cc388, 0x00000000d86c0000)
  from space 3904K, 100% used [0x00000000d8a90000, 0x00000000d8e60000, 0x00000000d8e60000)
  to   space 3904K,   0% used [0x00000000d86c0000, 0x00000000d86c0000, 0x00000000d8a90000)
 tenured generation   total 78464K, used 70075K [0x00000000e0e00000, 0x00000000e5aa0000, 0x00000000f5a00000)
   the space 78464K,  89% used [0x00000000e0e00000, 0x00000000e526ec80, 0x00000000e526ee00, 0x00000000e5aa0000)
 compacting perm gen  total 21248K, used 13261K [0x00000000f5a00000, 0x00000000f6ec0000, 0x0000000100000000)
   the space 21248K,  62% used [0x00000000f5a00000, 0x00000000f66f3508, 0x00000000f66f3600, 0x00000000f6ec0000)
GC Heap History (10 events):
Event: 26.414 GC heap before
{Heap before GC invocations=36 (full 5):
 def new generation   total 35392K, used 33768K [0x00000000d6800000, 0x00000000d8e60000, 0x00000000e0e00000)
  eden space 31488K, 100% used [0x00000000d6800000, 0x00000000d86c0000, 0x00000000d86c0000)
  from space 3904K,  58% used [0x00000000d86c0000, 0x00000000d88fa200, 0x00000000d8a90000)
  to   space 3904K,   0% used [0x00000000d8a90000, 0x00000000d8a90000, 0x00000000d8e60000)
 tenured generation   total 78464K, used 50052K [0x00000000e0e00000, 0x00000000e5aa0000, 0x00000000f5a00000)
   the space 78464K,  63% used [0x00000000e0e00000, 0x00000000e3ee1328, 0x00000000e3ee1400, 0x00000000e5aa0000)
 compacting perm gen  total 21248K, used 13183K [0x00000000f5a00000, 0x00000000f6ec0000, 0x0000000100000000)
   the space 21248K,  62% used [0x00000000f5a00000, 0x00000000f66dffc0, 0x00000000f66e0000, 0x00000000f6ec0000)
No shared spaces configured.
Event: 26.459 GC heap after
Heap after GC invocations=37 (full 5):
 def new generation   total 35392K, used 2526K [0x00000000d6800000, 0x00000000d8e60000, 0x00000000e0e00000)
  eden space 31488K,   0% used [0x00000000d6800000, 0x00000000d6800000, 0x00000000d86c0000)
  from space 3904K,  64% used [0x00000000d8a90000, 0x00000000d8d07bb8, 0x00000000d8e60000)
  to   space 3904K,   0% used [0x00000000d86c0000, 0x00000000d86c0000, 0x00000000d8a90000)
 tenured generation   total 78464K, used 52216K [0x00000000e0e00000, 0x00000000e5aa0000, 0x00000000f5a00000)
   the space 78464K,  66% used [0x00000000e0e00000, 0x00000000e40fe3b8, 0x00000000e40fe400, 0x00000000e5aa0000)
 compacting perm gen  total 21248K, used 13183K [0x00000000f5a00000, 0x00000000f6ec0000, 0x0000000100000000)
   the space 21248K,  62% used [0x00000000f5a00000, 0x00000000f66dffc0, 0x00000000f66e0000, 0x00000000f6ec0000)
No shared spaces configured.
}
Event: 27.238 GC heap before
{Heap before GC invocations=37 (full 5):
 def new generation   total 35392K, used 34014K [0x00000000d6800000, 0x00000000d8e60000, 0x00000000e0e00000)
  eden space 31488K, 100% used [0x00000000d6800000, 0x00000000d86c0000, 0x00000000d86c0000)
  from space 3904K,  64% used [0x00000000d8a90000, 0x00000000d8d07bb8, 0x00000000d8e60000)
  to   space 3904K,   0% used [0x00000000d86c0000, 0x00000000d86c0000, 0x00000000d8a90000)
 tenured generation   total 78464K, used 52216K [0x00000000e0e00000, 0x00000000e5aa0000, 0x00000000f5a00000)
   the space 78464K,  66% used [0x00000000e0e00000, 0x00000000e40fe3b8, 0x00000000e40fe400, 0x00000000e5aa0000)
 compacting perm gen  total 21248K, used 13188K [0x00000000f5a00000, 0x00000000f6ec0000, 0x0000000100000000)
   the space 21248K,  62% used [0x00000000f5a00000, 0x00000000f66e1000, 0x00000000f66e1000, 0x00000000f6ec0000)
No shared spaces configured.
Event: 27.271 GC heap after
Heap after GC invocations=38 (full 5):
 def new generation   total 35392K, used 1453K [0x00000000d6800000, 0x00000000d8e60000, 0x00000000e0e00000)
  eden space 31488K,   0% used [0x00000000d6800000, 0x00000000d6800000, 0x00000000d86c0000)
  from space 3904K,  37% used [0x00000000d86c0000, 0x00000000d882b608, 0x00000000d8a90000)
  to   space 3904K,   0% used [0x00000000d8a90000, 0x00000000d8a90000, 0x00000000d8e60000)
 tenured generation   total 78464K, used 54700K [0x00000000e0e00000, 0x00000000e5aa0000, 0x00000000f5a00000)
   the space 78464K,  69% used [0x00000000e0e00000, 0x00000000e436b2d8, 0x00000000e436b400, 0x00000000e5aa0000)
 compacting perm gen  total 21248K, used 13188K [0x00000000f5a00000, 0x00000000f6ec0000, 0x0000000100000000)
   the space 21248K,  62% used [0x00000000f5a00000, 0x00000000f66e1000, 0x00000000f66e1000, 0x00000000f6ec0000)
No shared spaces configured.
}
Event: 28.206 GC heap before
{Heap before GC invocations=38 (full 5):
 def new generation   total 35392K, used 32941K [0x00000000d6800000, 0x00000000d8e60000, 0x00000000e0e00000)
  eden space 31488K, 100% used [0x00000000d6800000, 0x00000000d86c0000, 0x00000000d86c0000)
  from space 3904K,  37% used [0x00000000d86c0000, 0x00000000d882b608, 0x00000000d8a90000)
  to   space 3904K,   0% used [0x00000000d8a90000, 0x00000000d8a90000, 0x00000000d8e60000)
 tenured generation   total 78464K, used 54700K [0x00000000e0e00000, 0x00000000e5aa0000, 0x00000000f5a00000)
   the space 78464K,  69% used [0x00000000e0e00000, 0x00000000e436b2d8, 0x00000000e436b400, 0x00000000e5aa0000)
 compacting perm gen  total 21248K, used 13204K [0x00000000f5a00000, 0x00000000f6ec0000, 0x0000000100000000)
   the space 21248K,  62% used [0x00000000f5a00000, 0x00000000f66e5150, 0x00000000f66e5200, 0x00000000f6ec0000)
No shared spaces configured.
Event: 28.253 GC heap after
Heap after GC invocations=39 (full 5):
 def new generation   total 35392K, used 2781K [0x00000000d6800000, 0x00000000d8e60000, 0x00000000e0e00000)
  eden space 31488K,   0% used [0x00000000d6800000, 0x00000000d6800000, 0x00000000d86c0000)
  from space 3904K,  71% used [0x00000000d8a90000, 0x00000000d8d475b8, 0x00000000d8e60000)
  to   space 3904K,   0% used [0x00000000d86c0000, 0x00000000d86c0000, 0x00000000d8a90000)
 tenured generation   total 78464K, used 54700K [0x00000000e0e00000, 0x00000000e5aa0000, 0x00000000f5a00000)
   the space 78464K,  69% used [0x00000000e0e00000, 0x00000000e436b2d8, 0x00000000e436b400, 0x00000000e5aa0000)
 compacting perm gen  total 21248K, used 13204K [0x00000000f5a00000, 0x00000000f6ec0000, 0x0000000100000000)
   the space 21248K,  62% used [0x00000000f5a00000, 0x00000000f66e5150, 0x00000000f66e5200, 0x00000000f6ec0000)
No shared spaces configured.
}
Event: 29.452 GC heap before
{Heap before GC invocations=39 (full 5):
 def new generation   total 35392K, used 34269K [0x00000000d6800000, 0x00000000d8e60000, 0x00000000e0e00000)
  eden space 31488K, 100% used [0x00000000d6800000, 0x00000000d86c0000, 0x00000000d86c0000)
  from space 3904K,  71% used [0x00000000d8a90000, 0x00000000d8d475b8, 0x00000000d8e60000)
  to   space 3904K,   0% used [0x00000000d86c0000, 0x00000000d86c0000, 0x00000000d8a90000)
 tenured generation   total 78464K, used 54700K [0x00000000e0e00000, 0x00000000e5aa0000, 0x00000000f5a00000)
   the space 78464K,  69% used [0x00000000e0e00000, 0x00000000e436b2d8, 0x00000000e436b400, 0x00000000e5aa0000)
 compacting perm gen  total 21248K, used 13246K [0x00000000f5a00000, 0x00000000f6ec0000, 0x0000000100000000)
   the space 21248K,  62% used [0x00000000f5a00000, 0x00000000f66efaa8, 0x00000000f66efc00, 0x00000000f6ec0000)
No shared spaces configured.
Event: 29.545 GC heap after
Heap after GC invocations=40 (full 5):
 def new generation   total 35392K, used 3904K [0x00000000d6800000, 0x00000000d8e60000, 0x00000000e0e00000)
  eden space 31488K,   0% used [0x00000000d6800000, 0x00000000d6800000, 0x00000000d86c0000)
  from space 3904K, 100% used [0x00000000d86c0000, 0x00000000d8a90000, 0x00000000d8a90000)
  to   space 3904K,   0% used [0x00000000d8a90000, 0x00000000d8a90000, 0x00000000d8e60000)
 tenured generation   total 78464K, used 62586K [0x00000000e0e00000, 0x00000000e5aa0000, 0x00000000f5a00000)
   the space 78464K,  79% used [0x00000000e0e00000, 0x00000000e4b1e908, 0x00000000e4b1ea00, 0x00000000e5aa0000)
 compacting perm gen  total 21248K, used 13246K [0x00000000f5a00000, 0x00000000f6ec0000, 0x0000000100000000)
   the space 21248K,  62% used [0x00000000f5a00000, 0x00000000f66efaa8, 0x00000000f66efc00, 0x00000000f6ec0000)
No shared spaces configured.
}
Event: 36.690 GC heap before
{Heap before GC invocations=40 (full 5):
 def new generation   total 35392K, used 35392K [0x00000000d6800000, 0x00000000d8e60000, 0x00000000e0e00000)
  eden space 31488K, 100% used [0x00000000d6800000, 0x00000000d86c0000, 0x00000000d86c0000)
  from space 3904K, 100% used [0x00000000d86c0000, 0x00000000d8a90000, 0x00000000d8a90000)
  to   space 3904K,   0% used [0x00000000d8a90000, 0x00000000d8a90000, 0x00000000d8e60000)
 tenured generation   total 78464K, used 62586K [0x00000000e0e00000, 0x00000000e5aa0000, 0x00000000f5a00000)
   the space 78464K,  79% used [0x00000000e0e00000, 0x00000000e4b1e908, 0x00000000e4b1ea00, 0x00000000e5aa0000)
 compacting perm gen  total 21248K, used 13253K [0x00000000f5a00000, 0x00000000f6ec0000, 0x0000000100000000)
   the space 21248K,  62% used [0x00000000f5a00000, 0x00000000f66f17b0, 0x00000000f66f1800, 0x00000000f6ec0000)
No shared spaces configured.
Event: 36.890 GC heap after
Heap after GC invocations=41 (full 5):
 def new generation   total 35392K, used 3904K [0x00000000d6800000, 0x00000000d8e60000, 0x00000000e0e00000)
  eden space 31488K,   0% used [0x00000000d6800000, 0x00000000d6800000, 0x00000000d86c0000)
  from space 3904K, 100% used [0x00000000d8a90000, 0x00000000d8e60000, 0x00000000d8e60000)
  to   space 3904K,   0% used [0x00000000d86c0000, 0x00000000d86c0000, 0x00000000d8a90000)
 tenured generation   total 78464K, used 70075K [0x00000000e0e00000, 0x00000000e5aa0000, 0x00000000f5a00000)
   the space 78464K,  89% used [0x00000000e0e00000, 0x00000000e526ec80, 0x00000000e526ee00, 0x00000000e5aa0000)
 compacting perm gen  total 21248K, used 13253K [0x00000000f5a00000, 0x00000000f6ec0000, 0x0000000100000000)
   the space 21248K,  62% used [0x00000000f5a00000, 0x00000000f66f17b0, 0x00000000f66f1800, 0x00000000f6ec0000)
No shared spaces configured.
}

