# JRE version: OpenJDK Runtime Environment (7.0_101) (build 1.7.0_101-b00)
# Java VM: OpenJDK 64-Bit Server VM (24.95-b01 mixed mode linux-amd64 compressed oops)
Heap
 def new generation   total 33408K, used 20414K [0x00000000d6800000, 0x00000000d8c40000, 0x00000000e0e00000)
  eden space 29696K,  56% used [0x00000000d6800000, 0x00000000d784fc00, 0x00000000d8500000)
  from space 3712K,  99% used [0x00000000d8500000, 0x00000000d889fff8, 0x00000000d88a0000)
  to   space 3712K,   0% used [0x00000000d88a0000, 0x00000000d88a0000, 0x00000000d8c40000)
 tenured generation   total 74180K, used 69324K [0x00000000e0e00000, 0x00000000e5671000, 0x00000000f5a00000)
   the space 74180K,  93% used [0x00000000e0e00000, 0x00000000e51b3020, 0x00000000e51b3200, 0x00000000e5671000)
 compacting perm gen  total 21248K, used 13242K [0x00000000f5a00000, 0x00000000f6ec0000, 0x0000000100000000)
   the space 21248K,  62% used [0x00000000f5a00000, 0x00000000f66eebf8, 0x00000000f66eec00, 0x00000000f6ec0000)
GC Heap History (10 events):
Event: 25.440 GC heap before
{Heap before GC invocations=37 (full 5):
 def new generation   total 33408K, used 32084K [0x00000000d6800000, 0x00000000d8c40000, 0x00000000e0e00000)
  eden space 29696K, 100% used [0x00000000d6800000, 0x00000000d8500000, 0x00000000d8500000)
  from space 3712K,  64% used [0x00000000d88a0000, 0x00000000d8af52d0, 0x00000000d8c40000)
  to   space 3712K,   0% used [0x00000000d8500000, 0x00000000d8500000, 0x00000000d88a0000)
 tenured generation   total 74180K, used 50915K [0x00000000e0e00000, 0x00000000e5671000, 0x00000000f5a00000)
   the space 74180K,  68% used [0x00000000e0e00000, 0x00000000e3fb8c20, 0x00000000e3fb8e00, 0x00000000e5671000)
 compacting perm gen  total 21248K, used 13179K [0x00000000f5a00000, 0x00000000f6ec0000, 0x0000000100000000)
   the space 21248K,  62% used [0x00000000f5a00000, 0x00000000f66def70, 0x00000000f66df000, 0x00000000f6ec0000)
No shared spaces configured.
Event: 25.479 GC heap after
Heap after GC invocations=38 (full 5):
 def new generation   total 33408K, used 2888K [0x00000000d6800000, 0x00000000d8c40000, 0x00000000e0e00000)
  eden space 29696K,   0% used [0x00000000d6800000, 0x00000000d6800000, 0x00000000d8500000)
  from space 3712K,  77% used [0x00000000d8500000, 0x00000000d87d2138, 0x00000000d88a0000)
  to   space 3712K,   0% used [0x00000000d88a0000, 0x00000000d88a0000, 0x00000000d8c40000)
 tenured generation   total 74180K, used 53247K [0x00000000e0e00000, 0x00000000e5671000, 0x00000000f5a00000)
   the space 74180K,  71% used [0x00000000e0e00000, 0x00000000e41ffdc8, 0x00000000e41ffe00, 0x00000000e5671000)
 compacting perm gen  total 21248K, used 13179K [0x00000000f5a00000, 0x00000000f6ec0000, 0x0000000100000000)
   the space 21248K,  62% used [0x00000000f5a00000, 0x00000000f66def70, 0x00000000f66df000, 0x00000000f6ec0000)
No shared spaces configured.
}
Event: 26.139 GC heap before
{Heap before GC invocations=38 (full 5):
 def new generation   total 33408K, used 32584K [0x00000000d6800000, 0x00000000d8c40000, 0x00000000e0e00000)
  eden space 29696K, 100% used [0x00000000d6800000, 0x00000000d8500000, 0x00000000d8500000)
  from space 3712K,  77% used [0x00000000d8500000, 0x00000000d87d2138, 0x00000000d88a0000)
  to   space 3712K,   0% used [0x00000000d88a0000, 0x00000000d88a0000, 0x00000000d8c40000)
 tenured generation   total 74180K, used 53247K [0x00000000e0e00000, 0x00000000e5671000, 0x00000000f5a00000)
   the space 74180K,  71% used [0x00000000e0e00000, 0x00000000e41ffdc8, 0x00000000e41ffe00, 0x00000000e5671000)
 compacting perm gen  total 21248K, used 13184K [0x00000000f5a00000, 0x00000000f6ec0000, 0x0000000100000000)
   the space 21248K,  62% used [0x00000000f5a00000, 0x00000000f66e0338, 0x00000000f66e0400, 0x00000000f6ec0000)
No shared spaces configured.
Event: 26.176 GC heap after
Heap after GC invocations=39 (full 5):
 def new generation   total 33408K, used 1283K [0x00000000d6800000, 0x00000000d8c40000, 0x00000000e0e00000)
  eden space 29696K,   0% used [0x00000000d6800000, 0x00000000d6800000, 0x00000000d8500000)
  from space 3712K,  34% used [0x00000000d88a0000, 0x00000000d89e0e50, 0x00000000d8c40000)
  to   space 3712K,   0% used [0x00000000d8500000, 0x00000000d8500000, 0x00000000d88a0000)
 tenured generation   total 74180K, used 55961K [0x00000000e0e00000, 0x00000000e5671000, 0x00000000f5a00000)
   the space 74180K,  75% used [0x00000000e0e00000, 0x00000000e44a6418, 0x00000000e44a6600, 0x00000000e5671000)
 compacting perm gen  total 21248K, used 13184K [0x00000000f5a00000, 0x00000000f6ec0000, 0x0000000100000000)
   the space 21248K,  62% used [0x00000000f5a00000, 0x00000000f66e0338, 0x00000000f66e0400, 0x00000000f6ec0000)
No shared spaces configured.
}
Event: 27.161 GC heap before
{Heap before GC invocations=39 (full 5):
 def new generation   total 33408K, used 30979K [0x00000000d6800000, 0x00000000d8c40000, 0x00000000e0e00000)
  eden space 29696K, 100% used [0x00000000d6800000, 0x00000000d8500000, 0x00000000d8500000)
  from space 3712K,  34% used [0x00000000d88a0000, 0x00000000d89e0e50, 0x00000000d8c40000)
  to   space 3712K,   0% used [0x00000000d8500000, 0x00000000d8500000, 0x00000000d88a0000)
 tenured generation   total 74180K, used 55961K [0x00000000e0e00000, 0x00000000e5671000, 0x00000000f5a00000)
   the space 74180K,  75% used [0x00000000e0e00000, 0x00000000e44a6418, 0x00000000e44a6600, 0x00000000e5671000)
 compacting perm gen  total 21248K, used 13197K [0x00000000f5a00000, 0x00000000f6ec0000, 0x0000000100000000)
   the space 21248K,  62% used [0x00000000f5a00000, 0x00000000f66e3760, 0x00000000f66e3800, 0x00000000f6ec0000)
No shared spaces configured.
Event: 27.181 GC heap after
Heap after GC invocations=40 (full 5):
 def new generation   total 33408K, used 2640K [0x00000000d6800000, 0x00000000d8c40000, 0x00000000e0e00000)
  eden space 29696K,   0% used [0x00000000d6800000, 0x00000000d6800000, 0x00000000d8500000)
  from space 3712K,  71% used [0x00000000d8500000, 0x00000000d87943f0, 0x00000000d88a0000)
  to   space 3712K,   0% used [0x00000000d88a0000, 0x00000000d88a0000, 0x00000000d8c40000)
 tenured generation   total 74180K, used 55961K [0x00000000e0e00000, 0x00000000e5671000, 0x00000000f5a00000)
   the space 74180K,  75% used [0x00000000e0e00000, 0x00000000e44a6418, 0x00000000e44a6600, 0x00000000e5671000)
 compacting perm gen  total 21248K, used 13197K [0x00000000f5a00000, 0x00000000f6ec0000, 0x0000000100000000)
   the space 21248K,  62% used [0x00000000f5a00000, 0x00000000f66e3760, 0x00000000f66e3800, 0x00000000f6ec0000)
No shared spaces configured.
}
Event: 28.752 GC heap before
{Heap before GC invocations=40 (full 5):
 def new generation   total 33408K, used 32336K [0x00000000d6800000, 0x00000000d8c40000, 0x00000000e0e00000)
  eden space 29696K, 100% used [0x00000000d6800000, 0x00000000d8500000, 0x00000000d8500000)
  from space 3712K,  71% used [0x00000000d8500000, 0x00000000d87943f0, 0x00000000d88a0000)
  to   space 3712K,   0% used [0x00000000d88a0000, 0x00000000d88a0000, 0x00000000d8c40000)
 tenured generation   total 74180K, used 55961K [0x00000000e0e00000, 0x00000000e5671000, 0x00000000f5a00000)
   the space 74180K,  75% used [0x00000000e0e00000, 0x00000000e44a6418, 0x00000000e44a6600, 0x00000000e5671000)
 compacting perm gen  total 21248K, used 13232K [0x00000000f5a00000, 0x00000000f6ec0000, 0x0000000100000000)
   the space 21248K,  62% used [0x00000000f5a00000, 0x00000000f66ec008, 0x00000000f66ec200, 0x00000000f6ec0000)
No shared spaces configured.
Event: 28.793 GC heap after
Heap after GC invocations=41 (full 5):
 def new generation   total 33408K, used 2978K [0x00000000d6800000, 0x00000000d8c40000, 0x00000000e0e00000)
  eden space 29696K,   0% used [0x00000000d6800000, 0x00000000d6800000, 0x00000000d8500000)
  from space 3712K,  80% used [0x00000000d88a0000, 0x00000000d8b888c8, 0x00000000d8c40000)
  to   space 3712K,   0% used [0x00000000d8500000, 0x00000000d8500000, 0x00000000d88a0000)
 tenured generation   total 74180K, used 57156K [0x00000000e0e00000, 0x00000000e5671000, 0x00000000f5a00000)
   the space 74180K,  77% used [0x00000000e0e00000, 0x00000000e45d1310, 0x00000000e45d1400, 0x00000000e5671000)
 compacting perm gen  total 21248K, used 13232K [0x00000000f5a00000, 0x00000000f6ec0000, 0x0000000100000000)
   the space 21248K,  62% used [0x00000000f5a00000, 0x00000000f66ec008, 0x00000000f66ec200, 0x00000000f6ec0000)
No shared spaces configured.
}
Event: 30.410 GC heap before
{Heap before GC invocations=41 (full 5):
 def new generation   total 33408K, used 32674K [0x00000000d6800000, 0x00000000d8c40000, 0x00000000e0e00000)
  eden space 29696K, 100% used [0x00000000d6800000, 0x00000000d8500000, 0x00000000d8500000)
  from space 3712K,  80% used [0x00000000d88a0000, 0x00000000d8b888c8, 0x00000000d8c40000)
  to   space 3712K,   0% used [0x00000000d8500000, 0x00000000d8500000, 0x00000000d88a0000)
 tenured generation   total 74180K, used 57156K [0x00000000e0e00000, 0x00000000e5671000, 0x00000000f5a00000)
   the space 74180K,  77% used [0x00000000e0e00000, 0x00000000e45d1310, 0x00000000e45d1400, 0x00000000e5671000)
 compacting perm gen  total 21248K, used 13240K [0x00000000f5a00000, 0x00000000f6ec0000, 0x0000000100000000)
   the space 21248K,  62% used [0x00000000f5a00000, 0x00000000f66ee228, 0x00000000f66ee400, 0x00000000f6ec0000)
No shared spaces configured.
Event: 30.540 GC heap after
Heap after GC invocations=42 (full 5):
 def new generation   total 33408K, used 3711K [0x00000000d6800000, 0x00000000d8c40000, 0x00000000e0e00000)
  eden space 29696K,   0% used [0x00000000d6800000, 0x00000000d6800000, 0x00000000d8500000)
  from space 3712K,  99% used [0x00000000d8500000, 0x00000000d889fff8, 0x00000000d88a0000)
  to   space 3712K,   0% used [0x00000000d88a0000, 0x00000000d88a0000, 0x00000000d8c40000)
 tenured generation   total 74180K, used 69324K [0x00000000e0e00000, 0x00000000e5671000, 0x00000000f5a00000)
   the space 74180K,  93% used [0x00000000e0e00000, 0x00000000e51b3020, 0x00000000e51b3200, 0x00000000e5671000)
 compacting perm gen  total 21248K, used 13240K [0x00000000f5a00000, 0x00000000f6ec0000, 0x0000000100000000)
   the space 21248K,  62% used [0x00000000f5a00000, 0x00000000f66ee228, 0x00000000f66ee400, 0x00000000f6ec0000)
No shared spaces configured.
}

