# JRE version: OpenJDK Runtime Environment (7.0_101) (build 1.7.0_101-b00)
# Java VM: OpenJDK 64-Bit Server VM (24.95-b01 mixed mode linux-amd64 compressed oops)
Heap
 def new generation   total 18944K, used 0K [0x00000000d6800000, 0x00000000d7c80000, 0x00000000e0e00000)
  eden space 16896K,   0% used [0x00000000d6800000, 0x00000000d6800000, 0x00000000d7880000)
  from space 2048K,   0% used [0x00000000d7880000, 0x00000000d7880000, 0x00000000d7a80000)
  to   space 2048K,   0% used [0x00000000d7a80000, 0x00000000d7a80000, 0x00000000d7c80000)
 tenured generation   total 51712K, used 48005K [0x00000000e0e00000, 0x00000000e4080000, 0x00000000f5a00000)
   the space 51712K,  92% used [0x00000000e0e00000, 0x00000000e3ce1608, 0x00000000e3ce1800, 0x00000000e4080000)
 compacting perm gen  total 21248K, used 13110K [0x00000000f5a00000, 0x00000000f6ec0000, 0x0000000100000000)
   the space 21248K,  61% used [0x00000000f5a00000, 0x00000000f66cda68, 0x00000000f66cdc00, 0x00000000f6ec0000)
GC Heap History (10 events):
Event: 18.870 GC heap after
Heap after GC invocations=28 (full 4):
 def new generation   total 18944K, used 913K [0x00000000d6800000, 0x00000000d7c80000, 0x00000000e0e00000)
  eden space 16896K,   0% used [0x00000000d6800000, 0x00000000d6800000, 0x00000000d7880000)
  from space 2048K,  44% used [0x00000000d7a80000, 0x00000000d7b64578, 0x00000000d7c80000)
  to   space 2048K,   0% used [0x00000000d7880000, 0x00000000d7880000, 0x00000000d7a80000)
 tenured generation   total 41928K, used 14997K [0x00000000e0e00000, 0x00000000e36f2000, 0x00000000f5a00000)
   the space 41928K,  35% used [0x00000000e0e00000, 0x00000000e1ca5698, 0x00000000e1ca5800, 0x00000000e36f2000)
 compacting perm gen  total 21248K, used 12941K [0x00000000f5a00000, 0x00000000f6ec0000, 0x0000000100000000)
   the space 21248K,  60% used [0x00000000f5a00000, 0x00000000f66a37b8, 0x00000000f66a3800, 0x00000000f6ec0000)
No shared spaces configured.
}
Event: 20.300 GC heap before
{Heap before GC invocations=28 (full 4):
 def new generation   total 18944K, used 17809K [0x00000000d6800000, 0x00000000d7c80000, 0x00000000e0e00000)
  eden space 16896K, 100% used [0x00000000d6800000, 0x00000000d7880000, 0x00000000d7880000)
  from space 2048K,  44% used [0x00000000d7a80000, 0x00000000d7b64578, 0x00000000d7c80000)
  to   space 2048K,   0% used [0x00000000d7880000, 0x00000000d7880000, 0x00000000d7a80000)
 tenured generation   total 41928K, used 14997K [0x00000000e0e00000, 0x00000000e36f2000, 0x00000000f5a00000)
   the space 41928K,  35% used [0x00000000e0e00000, 0x00000000e1ca5698, 0x00000000e1ca5800, 0x00000000e36f2000)
 compacting perm gen  total 21248K, used 13074K [0x00000000f5a00000, 0x00000000f6ec0000, 0x0000000100000000)
   the space 21248K,  61% used [0x00000000f5a00000, 0x00000000f66c4b28, 0x00000000f66c4c00, 0x00000000f6ec0000)
No shared spaces configured.
Event: 20.309 GC heap after
Heap after GC invocations=29 (full 4):
 def new generation   total 18944K, used 2048K [0x00000000d6800000, 0x00000000d7c80000, 0x00000000e0e00000)
  eden space 16896K,   0% used [0x00000000d6800000, 0x00000000d6800000, 0x00000000d7880000)
  from space 2048K, 100% used [0x00000000d7880000, 0x00000000d7a80000, 0x00000000d7a80000)
  to   space 2048K,   0% used [0x00000000d7a80000, 0x00000000d7a80000, 0x00000000d7c80000)
 tenured generation   total 41928K, used 16483K [0x00000000e0e00000, 0x00000000e36f2000, 0x00000000f5a00000)
   the space 41928K,  39% used [0x00000000e0e00000, 0x00000000e1e18d48, 0x00000000e1e18e00, 0x00000000e36f2000)
 compacting perm gen  total 21248K, used 13074K [0x00000000f5a00000, 0x00000000f6ec0000, 0x0000000100000000)
   the space 21248K,  61% used [0x00000000f5a00000, 0x00000000f66c4b28, 0x00000000f66c4c00, 0x00000000f6ec0000)
No shared spaces configured.
}
Event: 20.447 GC heap before
{Heap before GC invocations=29 (full 4):
 def new generation   total 18944K, used 18778K [0x00000000d6800000, 0x00000000d7c80000, 0x00000000e0e00000)
  eden space 16896K,  99% used [0x00000000d6800000, 0x00000000d7856860, 0x00000000d7880000)
  from space 2048K, 100% used [0x00000000d7880000, 0x00000000d7a80000, 0x00000000d7a80000)
  to   space 2048K,   0% used [0x00000000d7a80000, 0x00000000d7a80000, 0x00000000d7c80000)
 tenured generation   total 41928K, used 16483K [0x00000000e0e00000, 0x00000000e36f2000, 0x00000000f5a00000)
   the space 41928K,  39% used [0x00000000e0e00000, 0x00000000e1e18d48, 0x00000000e1e18e00, 0x00000000e36f2000)
 compacting perm gen  total 21248K, used 13079K [0x00000000f5a00000, 0x00000000f6ec0000, 0x0000000100000000)
   the space 21248K,  61% used [0x00000000f5a00000, 0x00000000f66c5f08, 0x00000000f66c6000, 0x00000000f6ec0000)
No shared spaces configured.
Event: 20.476 GC heap after
Heap after GC invocations=30 (full 4):
 def new generation   total 18944K, used 2048K [0x00000000d6800000, 0x00000000d7c80000, 0x00000000e0e00000)
  eden space 16896K,   0% used [0x00000000d6800000, 0x00000000d6800000, 0x00000000d7880000)
  from space 2048K, 100% used [0x00000000d7a80000, 0x00000000d7c80000, 0x00000000d7c80000)
  to   space 2048K,   0% used [0x00000000d7880000, 0x00000000d7880000, 0x00000000d7a80000)
 tenured generation   total 41928K, used 25297K [0x00000000e0e00000, 0x00000000e36f2000, 0x00000000f5a00000)
   the space 41928K,  60% used [0x00000000e0e00000, 0x00000000e26b4648, 0x00000000e26b4800, 0x00000000e36f2000)
 compacting perm gen  total 21248K, used 13079K [0x00000000f5a00000, 0x00000000f6ec0000, 0x0000000100000000)
   the space 21248K,  61% used [0x00000000f5a00000, 0x00000000f66c5f08, 0x00000000f66c6000, 0x00000000f6ec0000)
No shared spaces configured.
}
Event: 20.684 GC heap before
{Heap before GC invocations=30 (full 4):
 def new generation   total 18944K, used 17619K [0x00000000d6800000, 0x00000000d7c80000, 0x00000000e0e00000)
  eden space 16896K,  92% used [0x00000000d6800000, 0x00000000d7734f58, 0x00000000d7880000)
  from space 2048K, 100% used [0x00000000d7a80000, 0x00000000d7c80000, 0x00000000d7c80000)
  to   space 2048K,   0% used [0x00000000d7880000, 0x00000000d7880000, 0x00000000d7a80000)
 tenured generation   total 41928K, used 25297K [0x00000000e0e00000, 0x00000000e36f2000, 0x00000000f5a00000)
   the space 41928K,  60% used [0x00000000e0e00000, 0x00000000e26b4648, 0x00000000e26b4800, 0x00000000e36f2000)
 compacting perm gen  total 21248K, used 13086K [0x00000000f5a00000, 0x00000000f6ec0000, 0x0000000100000000)
   the space 21248K,  61% used [0x00000000f5a00000, 0x00000000f66c7be8, 0x00000000f66c7c00, 0x00000000f6ec0000)
No shared spaces configured.
Event: 20.712 GC heap after
Heap after GC invocations=31 (full 4):
 def new generation   total 18944K, used 2048K [0x00000000d6800000, 0x00000000d7c80000, 0x00000000e0e00000)
  eden space 16896K,   0% used [0x00000000d6800000, 0x00000000d6800000, 0x00000000d7880000)
  from space 2048K, 100% used [0x00000000d7880000, 0x00000000d7a80000, 0x00000000d7a80000)
  to   space 2048K,   0% used [0x00000000d7a80000, 0x00000000d7a80000, 0x00000000d7c80000)
 tenured generation   total 41928K, used 34535K [0x00000000e0e00000, 0x00000000e36f2000, 0x00000000f5a00000)
   the space 41928K,  82% used [0x00000000e0e00000, 0x00000000e2fb9f30, 0x00000000e2fba000, 0x00000000e36f2000)
 compacting perm gen  total 21248K, used 13086K [0x00000000f5a00000, 0x00000000f6ec0000, 0x0000000100000000)
   the space 21248K,  61% used [0x00000000f5a00000, 0x00000000f66c7be8, 0x00000000f66c7c00, 0x00000000f6ec0000)
No shared spaces configured.
}
Event: 21.012 GC heap before
{Heap before GC invocations=31 (full 4):
 def new generation   total 18944K, used 18944K [0x00000000d6800000, 0x00000000d7c80000, 0x00000000e0e00000)
  eden space 16896K, 100% used [0x00000000d6800000, 0x00000000d7880000, 0x00000000d7880000)
  from space 2048K, 100% used [0x00000000d7880000, 0x00000000d7a80000, 0x00000000d7a80000)
  to   space 2048K,   0% used [0x00000000d7a80000, 0x00000000d7a80000, 0x00000000d7c80000)
 tenured generation   total 41928K, used 34535K [0x00000000e0e00000, 0x00000000e36f2000, 0x00000000f5a00000)
   the space 41928K,  82% used [0x00000000e0e00000, 0x00000000e2fb9f30, 0x00000000e2fba000, 0x00000000e36f2000)
 compacting perm gen  total 21248K, used 13089K [0x00000000f5a00000, 0x00000000f6ec0000, 0x0000000100000000)
   the space 21248K,  61% used [0x00000000f5a00000, 0x00000000f66c85d8, 0x00000000f66c8600, 0x00000000f6ec0000)
No shared spaces configured.
Event: 21.057 GC heap after
Heap after GC invocations=32 (full 4):
 def new generation   total 18944K, used 2047K [0x00000000d6800000, 0x00000000d7c80000, 0x00000000e0e00000)
  eden space 16896K,   0% used [0x00000000d6800000, 0x00000000d6800000, 0x00000000d7880000)
  from space 2048K,  99% used [0x00000000d7a80000, 0x00000000d7c7fff8, 0x00000000d7c80000)
  to   space 2048K,   0% used [0x00000000d7880000, 0x00000000d7880000, 0x00000000d7a80000)
 tenured generation   total 41928K, used 41199K [0x00000000e0e00000, 0x00000000e36f2000, 0x00000000f5a00000)
   the space 41928K,  98% used [0x00000000e0e00000, 0x00000000e363bd38, 0x00000000e363be00, 0x00000000e36f2000)
 compacting perm gen  total 21248K, used 13089K [0x00000000f5a00000, 0x00000000f6ec0000, 0x0000000100000000)
   the space 21248K,  61% used [0x00000000f5a00000, 0x00000000f66c85d8, 0x00000000f66c8600, 0x00000000f6ec0000)
No shared spaces configured.
}
Event: 21.393 GC heap before
{Heap before GC invocations=32 (full 4):
 def new generation   total 18944K, used 18943K [0x00000000d6800000, 0x00000000d7c80000, 0x00000000e0e00000)
  eden space 16896K, 100% used [0x00000000d6800000, 0x00000000d7880000, 0x00000000d7880000)
  from space 2048K,  99% used [0x00000000d7a80000, 0x00000000d7c7fff8, 0x00000000d7c80000)
  to   space 2048K,   0% used [0x00000000d7880000, 0x00000000d7880000, 0x00000000d7a80000)
 tenured generation   total 41928K, used 41199K [0x00000000e0e00000, 0x00000000e36f2000, 0x00000000f5a00000)
   the space 41928K,  98% used [0x00000000e0e00000, 0x00000000e363bd38, 0x00000000e363be00, 0x00000000e36f2000)
 compacting perm gen  total 21248K, used 13110K [0x00000000f5a00000, 0x00000000f6ec0000, 0x0000000100000000)
   the space 21248K,  61% used [0x00000000f5a00000, 0x00000000f66cda68, 0x00000000f66cdc00, 0x00000000f6ec0000)
No shared spaces configured.

