# JRE version: OpenJDK Runtime Environment (7.0_101) (build 1.7.0_101-b00)
# Java VM: OpenJDK 64-Bit Server VM (24.95-b01 mixed mode linux-amd64 compressed oops)
Heap
 def new generation   total 19968K, used 2054K [0x00000000d6800000, 0x00000000d7da0000, 0x00000000e0e00000)
  eden space 17792K,  11% used [0x00000000d6800000, 0x00000000d6a01958, 0x00000000d7960000)
  from space 2176K,   0% used [0x00000000d7960000, 0x00000000d7960000, 0x00000000d7b80000)
  to   space 2176K,   0% used [0x00000000d7b80000, 0x00000000d7b80000, 0x00000000d7da0000)
 tenured generation   total 45164K, used 45163K [0x00000000e0e00000, 0x00000000e3a1b000, 0x00000000f5a00000)
   the space 45164K,  99% used [0x00000000e0e00000, 0x00000000e3a1afd0, 0x00000000e3a1b000, 0x00000000e3a1b000)
 compacting perm gen  total 21248K, used 13113K [0x00000000f5a00000, 0x00000000f6ec0000, 0x0000000100000000)
   the space 21248K,  61% used [0x00000000f5a00000, 0x00000000f66ce4a8, 0x00000000f66ce600, 0x00000000f6ec0000)
GC Heap History (10 events):
Event: 20.857 GC heap after
Heap after GC invocations=29 (full 3):
 def new generation   total 19968K, used 984K [0x00000000d6800000, 0x00000000d7da0000, 0x00000000e0e00000)
  eden space 17792K,   0% used [0x00000000d6800000, 0x00000000d6800000, 0x00000000d7960000)
  from space 2176K,  45% used [0x00000000d7b80000, 0x00000000d7c76340, 0x00000000d7da0000)
  to   space 2176K,   0% used [0x00000000d7960000, 0x00000000d7960000, 0x00000000d7b80000)
 tenured generation   total 44204K, used 39691K [0x00000000e0e00000, 0x00000000e392b000, 0x00000000f5a00000)
   the space 44204K,  89% used [0x00000000e0e00000, 0x00000000e34c2df8, 0x00000000e34c2e00, 0x00000000e392b000)
 compacting perm gen  total 21248K, used 12966K [0x00000000f5a00000, 0x00000000f6ec0000, 0x0000000100000000)
   the space 21248K,  61% used [0x00000000f5a00000, 0x00000000f66a9a40, 0x00000000f66a9c00, 0x00000000f6ec0000)
No shared spaces configured.
}
Event: 22.179 GC heap before
{Heap before GC invocations=29 (full 3):
 def new generation   total 19968K, used 18488K [0x00000000d6800000, 0x00000000d7da0000, 0x00000000e0e00000)
  eden space 17792K,  98% used [0x00000000d6800000, 0x00000000d7917d90, 0x00000000d7960000)
  from space 2176K,  45% used [0x00000000d7b80000, 0x00000000d7c76340, 0x00000000d7da0000)
  to   space 2176K,   0% used [0x00000000d7960000, 0x00000000d7960000, 0x00000000d7b80000)
 tenured generation   total 44204K, used 39691K [0x00000000e0e00000, 0x00000000e392b000, 0x00000000f5a00000)
   the space 44204K,  89% used [0x00000000e0e00000, 0x00000000e34c2df8, 0x00000000e34c2e00, 0x00000000e392b000)
 compacting perm gen  total 21248K, used 13085K [0x00000000f5a00000, 0x00000000f6ec0000, 0x0000000100000000)
   the space 21248K,  61% used [0x00000000f5a00000, 0x00000000f66c74a8, 0x00000000f66c7600, 0x00000000f6ec0000)
No shared spaces configured.
Event: 22.191 GC heap after
Heap after GC invocations=30 (full 3):
 def new generation   total 19968K, used 2176K [0x00000000d6800000, 0x00000000d7da0000, 0x00000000e0e00000)
  eden space 17792K,   0% used [0x00000000d6800000, 0x00000000d6800000, 0x00000000d7960000)
  from space 2176K, 100% used [0x00000000d7960000, 0x00000000d7b80000, 0x00000000d7b80000)
  to   space 2176K,   0% used [0x00000000d7b80000, 0x00000000d7b80000, 0x00000000d7da0000)
 tenured generation   total 44204K, used 42148K [0x00000000e0e00000, 0x00000000e392b000, 0x00000000f5a00000)
   the space 44204K,  95% used [0x00000000e0e00000, 0x00000000e37290c8, 0x00000000e3729200, 0x00000000e392b000)
 compacting perm gen  total 21248K, used 13085K [0x00000000f5a00000, 0x00000000f6ec0000, 0x0000000100000000)
   the space 21248K,  61% used [0x00000000f5a00000, 0x00000000f66c74a8, 0x00000000f66c7600, 0x00000000f6ec0000)
No shared spaces configured.
}
Event: 22.371 GC heap before
{Heap before GC invocations=30 (full 3):
 def new generation   total 19968K, used 19905K [0x00000000d6800000, 0x00000000d7da0000, 0x00000000e0e00000)
  eden space 17792K,  99% used [0x00000000d6800000, 0x00000000d79504a0, 0x00000000d7960000)
  from space 2176K, 100% used [0x00000000d7960000, 0x00000000d7b80000, 0x00000000d7b80000)
  to   space 2176K,   0% used [0x00000000d7b80000, 0x00000000d7b80000, 0x00000000d7da0000)
 tenured generation   total 44204K, used 42148K [0x00000000e0e00000, 0x00000000e392b000, 0x00000000f5a00000)
   the space 44204K,  95% used [0x00000000e0e00000, 0x00000000e37290c8, 0x00000000e3729200, 0x00000000e392b000)
 compacting perm gen  total 21248K, used 13092K [0x00000000f5a00000, 0x00000000f6ec0000, 0x0000000100000000)
   the space 21248K,  61% used [0x00000000f5a00000, 0x00000000f66c9038, 0x00000000f66c9200, 0x00000000f6ec0000)
No shared spaces configured.
Event: 22.494 GC heap after
Heap after GC invocations=31 (full 4):
 def new generation   total 19968K, used 0K [0x00000000d6800000, 0x00000000d7da0000, 0x00000000e0e00000)
  eden space 17792K,   0% used [0x00000000d6800000, 0x00000000d6800000, 0x00000000d7960000)
  from space 2176K,   0% used [0x00000000d7b80000, 0x00000000d7b80000, 0x00000000d7da0000)
  to   space 2176K,   0% used [0x00000000d7960000, 0x00000000d7960000, 0x00000000d7b80000)
 tenured generation   total 44204K, used 21746K [0x00000000e0e00000, 0x00000000e392b000, 0x00000000f5a00000)
   the space 44204K,  49% used [0x00000000e0e00000, 0x00000000e233c8f0, 0x00000000e233ca00, 0x00000000e392b000)
 compacting perm gen  total 21248K, used 13079K [0x00000000f5a00000, 0x00000000f6ec0000, 0x0000000100000000)
   the space 21248K,  61% used [0x00000000f5a00000, 0x00000000f66c5de0, 0x00000000f66c5e00, 0x00000000f6ec0000)
No shared spaces configured.
}
Event: 22.743 GC heap before
{Heap before GC invocations=31 (full 4):
 def new generation   total 19968K, used 17792K [0x00000000d6800000, 0x00000000d7da0000, 0x00000000e0e00000)
  eden space 17792K, 100% used [0x00000000d6800000, 0x00000000d7960000, 0x00000000d7960000)
  from space 2176K,   0% used [0x00000000d7b80000, 0x00000000d7b80000, 0x00000000d7da0000)
  to   space 2176K,   0% used [0x00000000d7960000, 0x00000000d7960000, 0x00000000d7b80000)
 tenured generation   total 44204K, used 21746K [0x00000000e0e00000, 0x00000000e392b000, 0x00000000f5a00000)
   the space 44204K,  49% used [0x00000000e0e00000, 0x00000000e233c8f0, 0x00000000e233ca00, 0x00000000e392b000)
 compacting perm gen  total 21248K, used 13087K [0x00000000f5a00000, 0x00000000f6ec0000, 0x0000000100000000)
   the space 21248K,  61% used [0x00000000f5a00000, 0x00000000f66c7e68, 0x00000000f66c8000, 0x00000000f6ec0000)
No shared spaces configured.
Event: 22.769 GC heap after
Heap after GC invocations=32 (full 4):
 def new generation   total 19968K, used 2176K [0x00000000d6800000, 0x00000000d7da0000, 0x00000000e0e00000)
  eden space 17792K,   0% used [0x00000000d6800000, 0x00000000d6800000, 0x00000000d7960000)
  from space 2176K, 100% used [0x00000000d7960000, 0x00000000d7b80000, 0x00000000d7b80000)
  to   space 2176K,   0% used [0x00000000d7b80000, 0x00000000d7b80000, 0x00000000d7da0000)
 tenured generation   total 44204K, used 29242K [0x00000000e0e00000, 0x00000000e392b000, 0x00000000f5a00000)
   the space 44204K,  66% used [0x00000000e0e00000, 0x00000000e2a8e9c0, 0x00000000e2a8ea00, 0x00000000e392b000)
 compacting perm gen  total 21248K, used 13087K [0x00000000f5a00000, 0x00000000f6ec0000, 0x0000000100000000)
   the space 21248K,  61% used [0x00000000f5a00000, 0x00000000f66c7e68, 0x00000000f66c8000, 0x00000000f6ec0000)
No shared spaces configured.
}
Event: 23.095 GC heap before
{Heap before GC invocations=32 (full 4):
 def new generation   total 19968K, used 19968K [0x00000000d6800000, 0x00000000d7da0000, 0x00000000e0e00000)
  eden space 17792K, 100% used [0x00000000d6800000, 0x00000000d7960000, 0x00000000d7960000)
  from space 2176K, 100% used [0x00000000d7960000, 0x00000000d7b80000, 0x00000000d7b80000)
  to   space 2176K,   0% used [0x00000000d7b80000, 0x00000000d7b80000, 0x00000000d7da0000)
 tenured generation   total 44204K, used 29242K [0x00000000e0e00000, 0x00000000e392b000, 0x00000000f5a00000)
   the space 44204K,  66% used [0x00000000e0e00000, 0x00000000e2a8e9c0, 0x00000000e2a8ea00, 0x00000000e392b000)
 compacting perm gen  total 21248K, used 13109K [0x00000000f5a00000, 0x00000000f6ec0000, 0x0000000100000000)
   the space 21248K,  61% used [0x00000000f5a00000, 0x00000000f66cd600, 0x00000000f66cd600, 0x00000000f6ec0000)
No shared spaces configured.
Event: 23.120 GC heap after
Heap after GC invocations=33 (full 4):
 def new generation   total 19968K, used 2175K [0x00000000d6800000, 0x00000000d7da0000, 0x00000000e0e00000)
  eden space 17792K,   0% used [0x00000000d6800000, 0x00000000d6800000, 0x00000000d7960000)
  from space 2176K,  99% used [0x00000000d7b80000, 0x00000000d7d9fff8, 0x00000000d7da0000)
  to   space 2176K,   0% used [0x00000000d7960000, 0x00000000d7960000, 0x00000000d7b80000)
 tenured generation   total 44204K, used 36923K [0x00000000e0e00000, 0x00000000e392b000, 0x00000000f5a00000)
   the space 44204K,  83% used [0x00000000e0e00000, 0x00000000e320eef0, 0x00000000e320f000, 0x00000000e392b000)
 compacting perm gen  total 21248K, used 13109K [0x00000000f5a00000, 0x00000000f6ec0000, 0x0000000100000000)
   the space 21248K,  61% used [0x00000000f5a00000, 0x00000000f66cd600, 0x00000000f66cd600, 0x00000000f6ec0000)
No shared spaces configured.
}
Event: 23.615 GC heap before
{Heap before GC invocations=33 (full 4):
 def new generation   total 19968K, used 19967K [0x00000000d6800000, 0x00000000d7da0000, 0x00000000e0e00000)
  eden space 17792K, 100% used [0x00000000d6800000, 0x00000000d7960000, 0x00000000d7960000)
  from space 2176K,  99% used [0x00000000d7b80000, 0x00000000d7d9fff8, 0x00000000d7da0000)
  to   space 2176K,   0% used [0x00000000d7960000, 0x00000000d7960000, 0x00000000d7b80000)
 tenured generation   total 44204K, used 36923K [0x00000000e0e00000, 0x00000000e392b000, 0x00000000f5a00000)
   the space 44204K,  83% used [0x00000000e0e00000, 0x00000000e320eef0, 0x00000000e320f000, 0x00000000e392b000)
 compacting perm gen  total 21248K, used 13113K [0x00000000f5a00000, 0x00000000f6ec0000, 0x0000000100000000)
   the space 21248K,  61% used [0x00000000f5a00000, 0x00000000f66ce4a8, 0x00000000f66ce600, 0x00000000f6ec0000)
No shared spaces configured.

