# JRE version: OpenJDK Runtime Environment (7.0_101) (build 1.7.0_101-b00)
# Java VM: OpenJDK 64-Bit Server VM (24.95-b01 mixed mode linux-amd64 compressed oops)
Heap
 def new generation   total 33664K, used 33594K [0x00000000d6800000, 0x00000000d8c80000, 0x00000000e0e00000)
  eden space 29952K, 100% used [0x00000000d6800000, 0x00000000d8540000, 0x00000000d8540000)
  from space 3712K,  98% used [0x00000000d8540000, 0x00000000d88ce908, 0x00000000d88e0000)
  to   space 3712K,  67% used [0x00000000d88e0000, 0x00000000d8b54898, 0x00000000d8c80000)
 tenured generation   total 75992K, used 75991K [0x00000000e0e00000, 0x00000000e5836000, 0x00000000f5a00000)
   the space 75992K,  99% used [0x00000000e0e00000, 0x00000000e5835fb8, 0x00000000e5836000, 0x00000000e5836000)
 compacting perm gen  total 21248K, used 13495K [0x00000000f5a00000, 0x00000000f6ec0000, 0x0000000100000000)
   the space 21248K,  63% used [0x00000000f5a00000, 0x00000000f672dc60, 0x00000000f672de00, 0x00000000f6ec0000)
GC Heap History (10 events):
Event: 102.286 GC heap after
Heap after GC invocations=58 (full 6):
 def new generation   total 33664K, used 3712K [0x00000000d6800000, 0x00000000d8c80000, 0x00000000e0e00000)
  eden space 29952K,   0% used [0x00000000d6800000, 0x00000000d6800000, 0x00000000d8540000)
  from space 3712K, 100% used [0x00000000d8540000, 0x00000000d88e0000, 0x00000000d88e0000)
  to   space 3712K,   0% used [0x00000000d88e0000, 0x00000000d88e0000, 0x00000000d8c80000)
 tenured generation   total 74648K, used 59474K [0x00000000e0e00000, 0x00000000e56e6000, 0x00000000f5a00000)
   the space 74648K,  79% used [0x00000000e0e00000, 0x00000000e4814bd0, 0x00000000e4814c00, 0x00000000e56e6000)
 compacting perm gen  total 21248K, used 13426K [0x00000000f5a00000, 0x00000000f6ec0000, 0x0000000100000000)
   the space 21248K,  63% used [0x00000000f5a00000, 0x00000000f671c928, 0x00000000f671ca00, 0x00000000f6ec0000)
No shared spaces configured.
}
Event: 103.986 GC heap before
{Heap before GC invocations=58 (full 6):
 def new generation   total 33664K, used 33664K [0x00000000d6800000, 0x00000000d8c80000, 0x00000000e0e00000)
  eden space 29952K, 100% used [0x00000000d6800000, 0x00000000d8540000, 0x00000000d8540000)
  from space 3712K, 100% used [0x00000000d8540000, 0x00000000d88e0000, 0x00000000d88e0000)
  to   space 3712K,   0% used [0x00000000d88e0000, 0x00000000d88e0000, 0x00000000d8c80000)
 tenured generation   total 74648K, used 59474K [0x00000000e0e00000, 0x00000000e56e6000, 0x00000000f5a00000)
   the space 74648K,  79% used [0x00000000e0e00000, 0x00000000e4814bd0, 0x00000000e4814c00, 0x00000000e56e6000)
 compacting perm gen  total 21248K, used 13426K [0x00000000f5a00000, 0x00000000f6ec0000, 0x0000000100000000)
   the space 21248K,  63% used [0x00000000f5a00000, 0x00000000f671cb58, 0x00000000f671cc00, 0x00000000f6ec0000)
No shared spaces configured.
Event: 104.104 GC heap after
Heap after GC invocations=59 (full 6):
 def new generation   total 33664K, used 3712K [0x00000000d6800000, 0x00000000d8c80000, 0x00000000e0e00000)
  eden space 29952K,   0% used [0x00000000d6800000, 0x00000000d6800000, 0x00000000d8540000)
  from space 3712K, 100% used [0x00000000d88e0000, 0x00000000d8c80000, 0x00000000d8c80000)
  to   space 3712K,   0% used [0x00000000d8540000, 0x00000000d8540000, 0x00000000d88e0000)
 tenured generation   total 74648K, used 67695K [0x00000000e0e00000, 0x00000000e56e6000, 0x00000000f5a00000)
   the space 74648K,  90% used [0x00000000e0e00000, 0x00000000e501be58, 0x00000000e501c000, 0x00000000e56e6000)
 compacting perm gen  total 21248K, used 13426K [0x00000000f5a00000, 0x00000000f6ec0000, 0x0000000100000000)
   the space 21248K,  63% used [0x00000000f5a00000, 0x00000000f671cb58, 0x00000000f671cc00, 0x00000000f6ec0000)
No shared spaces configured.
}
Event: 106.644 GC heap before
{Heap before GC invocations=59 (full 6):
 def new generation   total 33664K, used 33664K [0x00000000d6800000, 0x00000000d8c80000, 0x00000000e0e00000)
  eden space 29952K, 100% used [0x00000000d6800000, 0x00000000d8540000, 0x00000000d8540000)
  from space 3712K, 100% used [0x00000000d88e0000, 0x00000000d8c80000, 0x00000000d8c80000)
  to   space 3712K,   0% used [0x00000000d8540000, 0x00000000d8540000, 0x00000000d88e0000)
 tenured generation   total 74648K, used 67695K [0x00000000e0e00000, 0x00000000e56e6000, 0x00000000f5a00000)
   the space 74648K,  90% used [0x00000000e0e00000, 0x00000000e501be58, 0x00000000e501c000, 0x00000000e56e6000)
 compacting perm gen  total 21248K, used 13426K [0x00000000f5a00000, 0x00000000f6ec0000, 0x0000000100000000)
   the space 21248K,  63% used [0x00000000f5a00000, 0x00000000f671cb78, 0x00000000f671cc00, 0x00000000f6ec0000)
No shared spaces configured.
Event: 106.740 GC heap after
Heap after GC invocations=60 (full 6):
 def new generation   total 33664K, used 1701K [0x00000000d6800000, 0x00000000d8c80000, 0x00000000e0e00000)
  eden space 29952K,   0% used [0x00000000d6800000, 0x00000000d6800000, 0x00000000d8540000)
  from space 3712K,  45% used [0x00000000d8540000, 0x00000000d86e9590, 0x00000000d88e0000)
  to   space 3712K,   0% used [0x00000000d88e0000, 0x00000000d88e0000, 0x00000000d8c80000)
 tenured generation   total 74648K, used 71311K [0x00000000e0e00000, 0x00000000e56e6000, 0x00000000f5a00000)
   the space 74648K,  95% used [0x00000000e0e00000, 0x00000000e53a3f30, 0x00000000e53a4000, 0x00000000e56e6000)
 compacting perm gen  total 21248K, used 13426K [0x00000000f5a00000, 0x00000000f6ec0000, 0x0000000100000000)
   the space 21248K,  63% used [0x00000000f5a00000, 0x00000000f671cb78, 0x00000000f671cc00, 0x00000000f6ec0000)
No shared spaces configured.
}
Event: 109.228 GC heap before
{Heap before GC invocations=60 (full 6):
 def new generation   total 33664K, used 31653K [0x00000000d6800000, 0x00000000d8c80000, 0x00000000e0e00000)
  eden space 29952K, 100% used [0x00000000d6800000, 0x00000000d8540000, 0x00000000d8540000)
  from space 3712K,  45% used [0x00000000d8540000, 0x00000000d86e9590, 0x00000000d88e0000)
  to   space 3712K,   0% used [0x00000000d88e0000, 0x00000000d88e0000, 0x00000000d8c80000)
 tenured generation   total 74648K, used 71311K [0x00000000e0e00000, 0x00000000e56e6000, 0x00000000f5a00000)
   the space 74648K,  95% used [0x00000000e0e00000, 0x00000000e53a3f30, 0x00000000e53a4000, 0x00000000e56e6000)
 compacting perm gen  total 21248K, used 13434K [0x00000000f5a00000, 0x00000000f6ec0000, 0x0000000100000000)
   the space 21248K,  63% used [0x00000000f5a00000, 0x00000000f671ebe0, 0x00000000f671ec00, 0x00000000f6ec0000)
No shared spaces configured.
Event: 109.268 GC heap after
Heap after GC invocations=61 (full 6):
 def new generation   total 33664K, used 2956K [0x00000000d6800000, 0x00000000d8c80000, 0x00000000e0e00000)
  eden space 29952K,   0% used [0x00000000d6800000, 0x00000000d6800000, 0x00000000d8540000)
  from space 3712K,  79% used [0x00000000d88e0000, 0x00000000d8bc3120, 0x00000000d8c80000)
  to   space 3712K,   0% used [0x00000000d8540000, 0x00000000d8540000, 0x00000000d88e0000)
 tenured generation   total 74648K, used 71311K [0x00000000e0e00000, 0x00000000e56e6000, 0x00000000f5a00000)
   the space 74648K,  95% used [0x00000000e0e00000, 0x00000000e53a3f30, 0x00000000e53a4000, 0x00000000e56e6000)
 compacting perm gen  total 21248K, used 13434K [0x00000000f5a00000, 0x00000000f6ec0000, 0x0000000100000000)
   the space 21248K,  63% used [0x00000000f5a00000, 0x00000000f671ebe0, 0x00000000f671ec00, 0x00000000f6ec0000)
No shared spaces configured.
}
Event: 114.531 GC heap before
{Heap before GC invocations=61 (full 6):
 def new generation   total 33664K, used 32908K [0x00000000d6800000, 0x00000000d8c80000, 0x00000000e0e00000)
  eden space 29952K, 100% used [0x00000000d6800000, 0x00000000d8540000, 0x00000000d8540000)
  from space 3712K,  79% used [0x00000000d88e0000, 0x00000000d8bc3120, 0x00000000d8c80000)
  to   space 3712K,   0% used [0x00000000d8540000, 0x00000000d8540000, 0x00000000d88e0000)
 tenured generation   total 74648K, used 71311K [0x00000000e0e00000, 0x00000000e56e6000, 0x00000000f5a00000)
   the space 74648K,  95% used [0x00000000e0e00000, 0x00000000e53a3f30, 0x00000000e53a4000, 0x00000000e56e6000)
 compacting perm gen  total 21248K, used 13470K [0x00000000f5a00000, 0x00000000f6ec0000, 0x0000000100000000)
   the space 21248K,  63% used [0x00000000f5a00000, 0x00000000f6727808, 0x00000000f6727a00, 0x00000000f6ec0000)
No shared spaces configured.
Event: 114.598 GC heap after
Heap after GC invocations=62 (full 6):
 def new generation   total 33664K, used 3642K [0x00000000d6800000, 0x00000000d8c80000, 0x00000000e0e00000)
  eden space 29952K,   0% used [0x00000000d6800000, 0x00000000d6800000, 0x00000000d8540000)
  from space 3712K,  98% used [0x00000000d8540000, 0x00000000d88ce908, 0x00000000d88e0000)
  to   space 3712K,   0% used [0x00000000d88e0000, 0x00000000d88e0000, 0x00000000d8c80000)
 tenured generation   total 74648K, used 72934K [0x00000000e0e00000, 0x00000000e56e6000, 0x00000000f5a00000)
   the space 74648K,  97% used [0x00000000e0e00000, 0x00000000e5539b20, 0x00000000e5539c00, 0x00000000e56e6000)
 compacting perm gen  total 21248K, used 13470K [0x00000000f5a00000, 0x00000000f6ec0000, 0x0000000100000000)
   the space 21248K,  63% used [0x00000000f5a00000, 0x00000000f6727808, 0x00000000f6727a00, 0x00000000f6ec0000)
No shared spaces configured.
}
Event: 121.547 GC heap before
{Heap before GC invocations=62 (full 6):
 def new generation   total 33664K, used 33594K [0x00000000d6800000, 0x00000000d8c80000, 0x00000000e0e00000)
  eden space 29952K, 100% used [0x00000000d6800000, 0x00000000d8540000, 0x00000000d8540000)
  from space 3712K,  98% used [0x00000000d8540000, 0x00000000d88ce908, 0x00000000d88e0000)
  to   space 3712K,   0% used [0x00000000d88e0000, 0x00000000d88e0000, 0x00000000d8c80000)
 tenured generation   total 74648K, used 72934K [0x00000000e0e00000, 0x00000000e56e6000, 0x00000000f5a00000)
   the space 74648K,  97% used [0x00000000e0e00000, 0x00000000e5539b20, 0x00000000e5539c00, 0x00000000e56e6000)
 compacting perm gen  total 21248K, used 13495K [0x00000000f5a00000, 0x00000000f6ec0000, 0x0000000100000000)
   the space 21248K,  63% used [0x00000000f5a00000, 0x00000000f672dc60, 0x00000000f672de00, 0x00000000f6ec0000)
No shared spaces configured.

